I0429 09:27:21.436331       1 flags.go:57] FLAG: --add-dir-header="false"
I0429 09:27:21.436534       1 flags.go:57] FLAG: --address=":8942"
I0429 09:27:21.436537       1 flags.go:57] FLAG: --alsologtostderr="false"
I0429 09:27:21.436540       1 flags.go:57] FLAG: --ap-algorithm="ml"
I0429 09:27:21.436542       1 flags.go:57] FLAG: --ap-cpu-histogram-bucket="0.005"
I0429 09:27:21.436545       1 flags.go:57] FLAG: --ap-cpu-histogram-decay-half-life="5m0s"
I0429 09:27:21.436547       1 flags.go:57] FLAG: --ap-cpu-histogram-max="2"
I0429 09:27:21.436550       1 flags.go:57] FLAG: --ap-cpu-histogram-n="5"
I0429 09:27:21.436560       1 flags.go:57] FLAG: --ap-cpu-recommend-policy="sp_90"
I0429 09:27:21.436563       1 flags.go:57] FLAG: --ap-fluctuation-reducer-duration="10m0s"
I0429 09:27:21.436565       1 flags.go:57] FLAG: --ap-memory-histogram-bucket="2.5e+06"
I0429 09:27:21.436568       1 flags.go:57] FLAG: --ap-memory-histogram-decay-half-life="5m0s"
I0429 09:27:21.436570       1 flags.go:57] FLAG: --ap-memory-histogram-max="1e+09"
I0429 09:27:21.436573       1 flags.go:57] FLAG: --ap-memory-histogram-n="5"
I0429 09:27:21.436575       1 flags.go:57] FLAG: --ap-memory-recommend-policy="max"
I0429 09:27:21.436582       1 flags.go:57] FLAG: --ap-ml-cpu-hyperparam-d="0.6"
I0429 09:27:21.436585       1 flags.go:57] FLAG: --ap-ml-cpu-hyperparam-wdeltal="0.6"
I0429 09:27:21.436587       1 flags.go:57] FLAG: --ap-ml-cpu-hyperparam-wdeltam="0.6"
I0429 09:27:21.436590       1 flags.go:57] FLAG: --ap-ml-cpu-hyperparam-wo="0.6"
I0429 09:27:21.436592       1 flags.go:57] FLAG: --ap-ml-cpu-hyperparam-wu="0.6"
I0429 09:27:21.436594       1 flags.go:57] FLAG: --ap-ml-cpu-max-mm="1"
I0429 09:27:21.436596       1 flags.go:57] FLAG: --ap-ml-cpu-num-dm="100"
I0429 09:27:21.436598       1 flags.go:57] FLAG: --ap-ml-cpu-num-mm="100"
I0429 09:27:21.436601       1 flags.go:57] FLAG: --ap-ml-memory-hyperparam-d="0.6"
I0429 09:27:21.436603       1 flags.go:57] FLAG: --ap-ml-memory-hyperparam-wdeltal="0.6"
I0429 09:27:21.436606       1 flags.go:57] FLAG: --ap-ml-memory-hyperparam-wdeltam="0.6"
I0429 09:27:21.436608       1 flags.go:57] FLAG: --ap-ml-memory-hyperparam-wo="0.6"
I0429 09:27:21.436610       1 flags.go:57] FLAG: --ap-ml-memory-hyperparam-wu="0.6"
I0429 09:27:21.436612       1 flags.go:57] FLAG: --ap-ml-memory-max-mm="5e+08"
I0429 09:27:21.436614       1 flags.go:57] FLAG: --ap-ml-memory-num-dm="100"
I0429 09:27:21.436617       1 flags.go:57] FLAG: --ap-ml-memory-num-mm="100"
I0429 09:27:21.436619       1 flags.go:57] FLAG: --checkpoints-gc-interval="10m0s"
I0429 09:27:21.436621       1 flags.go:57] FLAG: --checkpoints-timeout="1m0s"
I0429 09:27:21.436623       1 flags.go:57] FLAG: --container-name-label="name"
I0429 09:27:21.436625       1 flags.go:57] FLAG: --container-namespace-label="namespace"
I0429 09:27:21.436627       1 flags.go:57] FLAG: --container-pod-name-label="pod_name"
I0429 09:27:21.436629       1 flags.go:57] FLAG: --cpu-integer-post-processor-enabled="false"
I0429 09:27:21.436631       1 flags.go:57] FLAG: --external-metrics-cpu-metric=""
I0429 09:27:21.436633       1 flags.go:57] FLAG: --external-metrics-memory-metric=""
I0429 09:27:21.436636       1 flags.go:57] FLAG: --history-length="8d"
I0429 09:27:21.436638       1 flags.go:57] FLAG: --history-resolution="1h"
I0429 09:27:21.436640       1 flags.go:57] FLAG: --kube-api-burst="10"
I0429 09:27:21.436643       1 flags.go:57] FLAG: --kube-api-qps="5"
I0429 09:27:21.436646       1 flags.go:57] FLAG: --kubeconfig=""
I0429 09:27:21.436649       1 flags.go:57] FLAG: --log-backtrace-at=":0"
I0429 09:27:21.436653       1 flags.go:57] FLAG: --log-dir=""
I0429 09:27:21.436655       1 flags.go:57] FLAG: --log-file=""
I0429 09:27:21.436658       1 flags.go:57] FLAG: --log-file-max-size="1800"
I0429 09:27:21.436660       1 flags.go:57] FLAG: --logtostderr="true"
I0429 09:27:21.436663       1 flags.go:57] FLAG: --memory-aggregation-interval="24h0m0s"
I0429 09:27:21.436665       1 flags.go:57] FLAG: --memory-aggregation-interval-count="8"
I0429 09:27:21.436669       1 flags.go:57] FLAG: --memory-saver="false"
I0429 09:27:21.436671       1 flags.go:57] FLAG: --metric-for-pod-labels="up{job=\"kubernetes-pods\"}"
I0429 09:27:21.436673       1 flags.go:57] FLAG: --metrics-interval="1s"
I0429 09:27:21.436676       1 flags.go:57] FLAG: --min-checkpoints="10"
I0429 09:27:21.436678       1 flags.go:57] FLAG: --one-output="false"
I0429 09:27:21.436680       1 flags.go:57] FLAG: --oom-bump-up-ratio="1.2"
I0429 09:27:21.436683       1 flags.go:57] FLAG: --oom-min-bump-up-bytes="1.048576e+08"
I0429 09:27:21.436685       1 flags.go:57] FLAG: --password=""
I0429 09:27:21.436687       1 flags.go:57] FLAG: --pod-label-prefix="pod_label_"
I0429 09:27:21.436690       1 flags.go:57] FLAG: --pod-name-label="kubernetes_pod_name"
I0429 09:27:21.436692       1 flags.go:57] FLAG: --pod-namespace-label="kubernetes_namespace"
I0429 09:27:21.436694       1 flags.go:57] FLAG: --prometheus-address=""
I0429 09:27:21.436697       1 flags.go:57] FLAG: --prometheus-cadvisor-job-name="kubernetes-cadvisor"
I0429 09:27:21.436699       1 flags.go:57] FLAG: --prometheus-query-timeout="5m"
I0429 09:27:21.436701       1 flags.go:57] FLAG: --recommender-interval="5m0s"
I0429 09:27:21.436704       1 flags.go:57] FLAG: --recommender-name="ml"
I0429 09:27:21.436706       1 flags.go:57] FLAG: --skip-headers="false"
I0429 09:27:21.436708       1 flags.go:57] FLAG: --skip-log-headers="false"
I0429 09:27:21.436711       1 flags.go:57] FLAG: --stderrthreshold="2"
I0429 09:27:21.436713       1 flags.go:57] FLAG: --storage=""
I0429 09:27:21.436716       1 flags.go:57] FLAG: --use-external-metrics="false"
I0429 09:27:21.436718       1 flags.go:57] FLAG: --username=""
I0429 09:27:21.436720       1 flags.go:57] FLAG: --v="4"
I0429 09:27:21.436722       1 flags.go:57] FLAG: --vmodule=""
I0429 09:27:21.436725       1 flags.go:57] FLAG: --vpa-object-namespace=""
I0429 09:27:21.436734       1 main.go:123] Vertical Pod Autoscaler 1.1.0 Recommender: ml
I0429 09:27:21.438132       1 reflector.go:289] Starting reflector *v1.CronJob (10m0s) from k8s.io/autoscaler/vertical-pod-autoscaler/pkg/target/controller_fetcher/controller_fetcher.go:136
I0429 09:27:21.438167       1 reflector.go:325] Listing and watching *v1.CronJob from k8s.io/autoscaler/vertical-pod-autoscaler/pkg/target/controller_fetcher/controller_fetcher.go:136
I0429 09:27:21.538373       1 shared_informer.go:341] caches populated
I0429 09:27:21.538397       1 controller_fetcher.go:141] Initial sync of CronJob completed
I0429 09:27:21.538538       1 reflector.go:289] Starting reflector *v1.DaemonSet (10m0s) from k8s.io/autoscaler/vertical-pod-autoscaler/pkg/target/controller_fetcher/controller_fetcher.go:136
I0429 09:27:21.538552       1 reflector.go:325] Listing and watching *v1.DaemonSet from k8s.io/autoscaler/vertical-pod-autoscaler/pkg/target/controller_fetcher/controller_fetcher.go:136
I0429 09:27:21.638838       1 shared_informer.go:341] caches populated
I0429 09:27:21.638899       1 controller_fetcher.go:141] Initial sync of DaemonSet completed
I0429 09:27:21.639222       1 reflector.go:289] Starting reflector *v1.Deployment (10m0s) from k8s.io/autoscaler/vertical-pod-autoscaler/pkg/target/controller_fetcher/controller_fetcher.go:136
I0429 09:27:21.639240       1 reflector.go:325] Listing and watching *v1.Deployment from k8s.io/autoscaler/vertical-pod-autoscaler/pkg/target/controller_fetcher/controller_fetcher.go:136
I0429 09:27:21.740048       1 shared_informer.go:341] caches populated
I0429 09:27:21.740080       1 controller_fetcher.go:141] Initial sync of Deployment completed
I0429 09:27:21.740348       1 reflector.go:289] Starting reflector *v1.ReplicaSet (10m0s) from k8s.io/autoscaler/vertical-pod-autoscaler/pkg/target/controller_fetcher/controller_fetcher.go:136
I0429 09:27:21.740363       1 reflector.go:325] Listing and watching *v1.ReplicaSet from k8s.io/autoscaler/vertical-pod-autoscaler/pkg/target/controller_fetcher/controller_fetcher.go:136
I0429 09:27:21.840286       1 shared_informer.go:341] caches populated
I0429 09:27:21.840311       1 controller_fetcher.go:141] Initial sync of ReplicaSet completed
I0429 09:27:21.840459       1 reflector.go:289] Starting reflector *v1.StatefulSet (10m0s) from k8s.io/autoscaler/vertical-pod-autoscaler/pkg/target/controller_fetcher/controller_fetcher.go:136
I0429 09:27:21.840471       1 reflector.go:325] Listing and watching *v1.StatefulSet from k8s.io/autoscaler/vertical-pod-autoscaler/pkg/target/controller_fetcher/controller_fetcher.go:136
I0429 09:27:21.941394       1 shared_informer.go:341] caches populated
I0429 09:27:21.941426       1 controller_fetcher.go:141] Initial sync of StatefulSet completed
I0429 09:27:21.941629       1 reflector.go:289] Starting reflector *v1.ReplicationController (10m0s) from k8s.io/autoscaler/vertical-pod-autoscaler/pkg/target/controller_fetcher/controller_fetcher.go:136
I0429 09:27:21.941764       1 reflector.go:325] Listing and watching *v1.ReplicationController from k8s.io/autoscaler/vertical-pod-autoscaler/pkg/target/controller_fetcher/controller_fetcher.go:136
I0429 09:27:22.041779       1 shared_informer.go:341] caches populated
I0429 09:27:22.041811       1 controller_fetcher.go:141] Initial sync of ReplicationController completed
I0429 09:27:22.042069       1 reflector.go:289] Starting reflector *v1.Job (10m0s) from k8s.io/autoscaler/vertical-pod-autoscaler/pkg/target/controller_fetcher/controller_fetcher.go:136
I0429 09:27:22.042170       1 reflector.go:325] Listing and watching *v1.Job from k8s.io/autoscaler/vertical-pod-autoscaler/pkg/target/controller_fetcher/controller_fetcher.go:136
I0429 09:27:22.142446       1 shared_informer.go:341] caches populated
I0429 09:27:22.142479       1 controller_fetcher.go:141] Initial sync of Job completed
I0429 09:27:22.142765       1 reflector.go:289] Starting reflector *v1.Pod (1h0m0s) from k8s.io/autoscaler/vertical-pod-autoscaler/pkg/recommender/input/cluster_feeder.go:175
I0429 09:27:22.142847       1 reflector.go:325] Listing and watching *v1.Pod from k8s.io/autoscaler/vertical-pod-autoscaler/pkg/recommender/input/cluster_feeder.go:175
I0429 09:27:22.142803       1 main.go:168] Using Metrics Server.
I0429 09:27:22.143814       1 reflector.go:289] Starting reflector *v1.VerticalPodAutoscaler (1h0m0s) from k8s.io/autoscaler/vertical-pod-autoscaler/pkg/utils/vpa/api.go:90
I0429 09:27:22.143834       1 reflector.go:325] Listing and watching *v1.VerticalPodAutoscaler from k8s.io/autoscaler/vertical-pod-autoscaler/pkg/utils/vpa/api.go:90
I0429 09:27:22.244495       1 shared_informer.go:341] caches populated
I0429 09:27:22.244528       1 api.go:94] Initial VPA synced successfully
I0429 09:27:22.244742       1 shared_informer.go:341] caches populated
I0429 09:27:22.244761       1 fetcher.go:99] Initial sync of DaemonSet completed
I0429 09:27:22.244798       1 shared_informer.go:341] caches populated
I0429 09:27:22.244805       1 fetcher.go:99] Initial sync of Deployment completed
I0429 09:27:22.244818       1 shared_informer.go:341] caches populated
I0429 09:27:22.244863       1 fetcher.go:99] Initial sync of ReplicaSet completed
W0429 09:27:22.244868       1 shared_informer.go:459] The sharedIndexInformer has started, run more than once is not allowed
I0429 09:27:22.244873       1 shared_informer.go:341] caches populated
W0429 09:27:22.244888       1 shared_informer.go:459] The sharedIndexInformer has started, run more than once is not allowed
W0429 09:27:22.244894       1 shared_informer.go:459] The sharedIndexInformer has started, run more than once is not allowed
I0429 09:27:22.244920       1 fetcher.go:99] Initial sync of StatefulSet completed
I0429 09:27:22.244936       1 shared_informer.go:341] caches populated
I0429 09:27:22.244943       1 fetcher.go:99] Initial sync of ReplicationController completed
I0429 09:27:22.245001       1 shared_informer.go:341] caches populated
I0429 09:27:22.245037       1 fetcher.go:99] Initial sync of Job completed
I0429 09:27:22.245047       1 shared_informer.go:341] caches populated
W0429 09:27:22.244881       1 shared_informer.go:459] The sharedIndexInformer has started, run more than once is not allowed
W0429 09:27:22.244999       1 shared_informer.go:459] The sharedIndexInformer has started, run more than once is not allowed
W0429 09:27:22.245018       1 shared_informer.go:459] The sharedIndexInformer has started, run more than once is not allowed
I0429 09:27:22.245093       1 fetcher.go:99] Initial sync of CronJob completed
W0429 09:27:22.245180       1 shared_informer.go:459] The sharedIndexInformer has started, run more than once is not allowed
I0429 09:27:22.245435       1 recommender.go:266] New Recommender created &{clusterState:0xc00009d5c0 clusterStateFeeder:0xc0005dd680 checkpointWriter:0xc000607b90 checkpointsGCInterval:600000000000 controllerFetcher:0xc0004101e0 lastCheckpointGC:{wall:13944261406516901087 ext:1017615882 loc:0x2a26380} vpaClient:0xc00062c7d0 podResourceRecommender:0xc00062c9b0 useCheckpoints:true lastAggregateContainerStateGC:{wall:13944261406516901017 ext:1017615822 loc:0x2a26380} recommendationPostProcessor:[0x2a881a0]}
I0429 09:27:22.245470       1 cluster_feeder.go:249] Initializing VPA from checkpoints
I0429 09:27:22.245487       1 cluster_feeder.go:321] Start selecting the vpaCRDs.
I0429 09:27:22.245516       1 cluster_feeder.go:356] Fetched 1 VPAs.
I0429 09:27:22.245573       1 cluster_feeder.go:366] Using selector app=workload-google-trace-ml for VPA default/workload-google-trace-ml-vpa
I0429 09:27:22.245592       1 cluster_feeder.go:258] Fetching checkpoints from namespace default
I0429 09:27:22.253711       1 cluster_feeder.go:265] Loading VPA default/workload-google-trace-yuqiang-vpa checkpoint for workload-google-trace-yuqiang
E0429 09:27:22.253758       1 cluster_feeder.go:268] Error while loading checkpoint. Reason: cannot load checkpoint to missing VPA object {Namespace:default VpaName:workload-google-trace-yuqiang-vpa}
I0429 09:27:22.253766       1 cluster_feeder.go:265] Loading VPA default/workload-yuqiang-vpa checkpoint for workload-yuqiang
E0429 09:27:22.253773       1 cluster_feeder.go:268] Error while loading checkpoint. Reason: cannot load checkpoint to missing VPA object {Namespace:default VpaName:workload-yuqiang-vpa}
I0429 09:27:22.253785       1 main.go:236] recommenderRoundLength: 300
I0429 09:27:23.315369       1 cluster_feeder.go:321] Start selecting the vpaCRDs.
I0429 09:27:23.315427       1 cluster_feeder.go:356] Fetched 1 VPAs.
I0429 09:27:23.315502       1 cluster_feeder.go:366] Using selector app=workload-google-trace-ml for VPA default/workload-google-trace-ml-vpa
I0429 09:27:23.315528       1 main.go:243] Setup Finished.
I0429 09:30:08.315461       1 cluster_feeder.go:405] Deleting Pod {default workload-google-trace-autopilot-55bbf586d4-8dhdg}
I0429 09:31:08.315582       1 cluster_feeder.go:405] Deleting Pod {default workload-google-trace-autopilot-55bbf586d4-4mg2j}
I0429 09:32:24.348043       1 recommender.go:184] ClusterState is tracking 28 PodStates and 1 VPAs
I0429 09:32:24.734613       1 recommender.go:67] NICONICO============================================
I0429 09:32:24.815891       1 recommender.go:69] NICONICO workload-google-trace-ml:

+++++++++++++++++++++++++++
Time: Halflife: 5m0s, N: 5, LastAggregation: 2024-04-29 09:32:24.344822861 +0000 UTC m=+303.117009312, Aggregation duration: 5m0s
Current buckets: [0 0 0 0 0 0 0 0 0 0 0 0 0 0 0 0 0 0 0 0 0 0 0 0 0 0 0 0 0 0 0 0 0 0 0 0 0 0 0 0 0 0 0 0 0 0 0 0 0 0 0 0 0 0 0 0 0 0 0 0 0 0 0 0 0 0 0 0 0 0 0 0 0 0 0 0 0 0 0 0 0 0 0 0 0 0 0 0 0 0 0 0 0 0 0 0 0 0 0 0 0 0 0 0 0 0 0 0 0 0 0 0 0 0 0 0 0 0 0 0 0 0 0 0 0 0 0 0 0 0 0 0 0 0 0 0 0 0 0 0 0 0 0 0 0 0 0 0 0 0 0 0 0 0 0 0 0 0 0 0 0 0 0 0 0 0 0 0 0 0 0 0 0 0 0 0 0 0 0 0 0 0 0 0 0 0 0 0 0 0 0 0 0 0 0 0 0 0 0 0 0 0 0 0 0 0 0 0 0 0 0 0 0 0 0 0 0 0 0 0 0 0 0 0 0 0 0 0 0 0 0 0 0 0 0 0 0 0 0 0 0 0 0 0 0 0 0 0 0 0 0 0 0 0 0 0 0 0 0 0 0 0 0 0 0 0 0 0 0 0 0 0 0 0 0 0 0 0 0 0 0 0 0 0 0 0 0 0 0 0 0 0 0 0 0 0 0 0 0 0 0 0 0 0 0 0 0 0 0 0 0 0 0 0 0 0 0 0 0 0 0 0 0 0 0 0 0 0 0 0 0 0 0 0 0 0 0 0 0 0 0 0 0 0 0 0 0 0 0 0 0 0 0 0 0 0 0 0 0 0 0 0 0 0 0 0 0 0 0 0 0 0 0 0 0 0 0 0 0 0 0 0 0 0 0 0 0 0 0 0 0 0 0 0 0 0 0 0 0 0]
Max: Window: [0.335 0 0 0 0], HeadPosition: 1
Average: Upper: 0.33440833333333336, Lower: 1.96875
Adjusted Usage: Weights: [0 0 0 0 0 0 0 0 0 0 0 0 0 0 0 0 0 0 0 0 0 0 0 0 0 0 0 0 0 0 0 0 0 0 0 0 0 0 0 0 0 0 0 0 0 0 0 0 0 0 0 0 0 0 0 0 0 0 0 0 0 0 0 0 0 23.43 177.215 0 0 0 0 0 0 0 0 0 0 0 0 0 0 0 0 0 0 0 0 0 0 0 0 0 0 0 0 0 0 0 0 0 0 0 0 0 0 0 0 0 0 0 0 0 0 0 0 0 0 0 0 0 0 0 0 0 0 0 0 0 0 0 0 0 0 0 0 0 0 0 0 0 0 0 0 0 0 0 0 0 0 0 0 0 0 0 0 0 0 0 0 0 0 0 0 0 0 0 0 0 0 0 0 0 0 0 0 0 0 0 0 0 0 0 0 0 0 0 0 0 0 0 0 0 0 0 0 0 0 0 0 0 0 0 0 0 0 0 0 0 0 0 0 0 0 0 0 0 0 0 0 0 0 0 0 0 0 0 0 0 0 0 0 0 0 0 0 0 0 0 0 0 0 0 0 0 0 0 0 0 0 0 0 0 0 0 0 0 0 0 0 0 0 0 0 0 0 0 0 0 0 0 0 0 0 0 0 0 0 0 0 0 0 0 0 0 0 0 0 0 0 0 0 0 0 0 0 0 0 0 0 0 0 0 0 0 0 0 0 0 0 0 0 0 0 0 0 0 0 0 0 0 0 0 0 0 0 0 0 0 0 0 0 0 0 0 0 0 0 0 0 0 0 0 0 0 0 0 0 0 0 0 0 0 0 0 0 0 0 0 0 0 0 0 0 0 0 0 0 0 0 0 0 0 0 0 0 0 0 0 0 0 0 0 0 0 0 0 0 0 0 0 0 0 0 0 0 0 0 0 0 0], Total: 200.645
Higher than L info: [600 600 600 600 600 600 600 600 600 600 600 600 600 600 600 600 600 600 600 600 600 600 600 600 600 600 600 600 600 600 600 600 600 600 600 600 600 600 600 600 600 600 600 600 600 600 600 600 600 600 600 600 600 600 600 600 600 600 600 600 600 600 600 600 600 600 529 0 0 0 0 0 0 0 0 0 0 0 0 0 0 0 0 0 0 0 0 0 0 0 0 0 0 0 0 0 0 0 0 0 0 0 0 0 0 0 0 0 0 0 0 0 0 0 0 0 0 0 0 0 0 0 0 0 0 0 0 0 0 0 0 0 0 0 0 0 0 0 0 0 0 0 0 0 0 0 0 0 0 0 0 0 0 0 0 0 0 0 0 0 0 0 0 0 0 0 0 0 0 0 0 0 0 0 0 0 0 0 0 0 0 0 0 0 0 0 0 0 0 0 0 0 0 0 0 0 0 0 0 0 0 0 0 0 0 0 0 0 0 0 0 0 0 0 0 0 0 0 0 0 0 0 0 0 0 0 0 0 0 0 0 0 0 0 0 0 0 0 0 0 0 0 0 0 0 0 0 0 0 0 0 0 0 0 0 0 0 0 0 0 0 0 0 0 0 0 0 0 0 0 0 0 0 0 0 0 0 0 0 0 0 0 0 0 0 0 0 0 0 0 0 0 0 0 0 0 0 0 0 0 0 0 0 0 0 0 0 0 0 0 0 0 0 0 0 0 0 0 0 0 0 0 0 0 0 0 0 0 0 0 0 0 0 0 0 0 0 0 0 0 0 0 0 0 0 0 0 0 0 0 0 0 0 0 0 0 0 0 0 0 0 0 0 0 0 0 0 0 0 0 0 0 0 0 0 0 0 0 0 0 0 0 0 0 0 0 0 0 0 0 0 0 0 0 0 0 0 0 0 0]
Lower than L info: [0 0 0 0 0 0 0 0 0 0 0 0 0 0 0 0 0 0 0 0 0 0 0 0 0 0 0 0 0 0 0 0 0 0 0 0 0 0 0 0 0 0 0 0 0 0 0 0 0 0 0 0 0 0 0 0 0 0 0 0 0 0 0 0 0 71 600 600 600 600 600 600 600 600 600 600 600 600 600 600 600 600 600 600 600 600 600 600 600 600 600 600 600 600 600 600 600 600 600 600 600 600 600 600 600 600 600 600 600 600 600 600 600 600 600 600 600 600 600 600 600 600 600 600 600 600 600 600 600 600 600 600 600 600 600 600 600 600 600 600 600 600 600 600 600 600 600 600 600 600 600 600 600 600 600 600 600 600 600 600 600 600 600 600 600 600 600 600 600 600 600 600 600 600 600 600 600 600 600 600 600 600 600 600 600 600 600 600 600 600 600 600 600 600 600 600 600 600 600 600 600 600 600 600 600 600 600 600 600 600 600 600 600 600 600 600 600 600 600 600 600 600 600 600 600 600 600 600 600 600 600 600 600 600 600 600 600 600 600 600 600 600 600 600 600 600 600 600 600 600 600 600 600 600 600 600 600 600 600 600 600 600 600 600 600 600 600 600 600 600 600 600 600 600 600 600 600 600 600 600 600 600 600 600 600 600 600 600 600 600 600 600 600 600 600 600 600 600 600 600 600 600 600 600 600 600 600 600 600 600 600 600 600 600 600 600 600 600 600 600 600 600 600 600 600 600 600 600 600 600 600 600 600 600 600 600 600 600 600 600 600 600 600 600 600 600 600 600 600 600 600 600 600 600 600 600 600 600 600 600 600 600 600 600 600 600 600 600 600 600 600 600 600 600 600 600 600 600 600 600 600 600 600 600 600 600 600 600 600 600 600 600 600 600 600 600 600 600 600 600]
---------------------------

+++++++++++++++++++++++++++
Time: Halflife: 5m0s, N: 5, LastAggregation: 2024-04-29 09:32:24.344822861 +0000 UTC m=+303.117009312, Aggregation duration: 5m0s
Current buckets: [0 0 0 0 0 0 0 0 0 0 0 0 0 0 0 0 0 0 0 0 0 0 0 0 0 0 0 0 0 0 0 0 0 0 0 0 0 0 0 0 0 0 0 0 0 0 0 0 0 0 0 0 0 0 0 0 0 0 0 0 0 0 0 0 0 0 0 0 0 0 0 0 0 0 0 0 0 0 0 0 0 0 0 0 0 0 0 0 0 0 0 0 0 0 0 0 0 0 0 0 0 0 0 0 0 0 0 0 0 0 0 0 0 0 0 0 0 0 0 0 0 0 0 0 0 0 0 0 0 0 0 0 0 0 0 0 0 0 0 0 0 0 0 0 0 0 0 0 0 0 0 0 0 0 0 0 0 0 0 0 0 0 0 0 0 0 0 0 0 0 0 0 0 0 0 0 0 0 0 0 0 0 0 0 0 0 0 0 0 0 0 0 0 0 0 0 0 0 0 0 0 0 0 0 0 0 0 0 0 0 0 0 0 0 0 0 0 0 0 0 0 0 0 0 0 0 0 0 0 0 0 0 0 0 0 0 0 0 0 0 0 0 0 0 0 0 0 0 0 0 0 0 0 0 0 0 0 0 0 0 0 0 0 0 0 0 0 0 0 0 0 0 0 0 0 0 0 0 0 0 0 0 0 0 0 0 0 0 0 0 0 0 0 0 0 0 0 0 0 0 0 0 0 0 0 0 0 0 0 0 0 0 0 0 0 0 0 0 0 0 0 0 0 0 0 0 0 0 0 0 0 0 0 0 0 0 0 0 0 0 0 0 0 0 0 0 0 0 0 0 0 0 0 0 0 0 0 0 0 0 0 0 0 0 0 0 0 0 0 0 0 0 0 0 0 0 0 0 0 0 0 0 0 0 0 0 0 0 0 0 0 0 0 0 0 0 0 0 0 0]
Max: Window: [4.825e+08 0 0 0 0], HeadPosition: 1
Average: Upper: 4.609e+08, Lower: 1.96875
Adjusted Usage: Weights: [0 0 0 0 0 0 0 0 0 0 0 0 0 0 0 0 0 0 0 0 0 0 0 0 0 0 0 0 0 0 0 0 0 0 0 0 0 0 0 0 0 0 0 0 0 0 0 0 0 0 0 0 0 0 0 0 0 0 0 0 0 0 0 0 0 0 0 0 0 0 0 0 0 0 0 0 0 0 0 0 0 0 0 0 0 0 0 0 0 0 0 0 0 0 0 0 0 0 0 0 0 0 0 0 0 0 0 0 0 0 0 0 0 0 0 0 0 0 0 0 0 0 0 0 0 0 0 0 0 0 0 0 0 0 0 0 0 0 0 0 0 0 0 0 0 0 0 0 0 0 0 0 0 0 0 0 0 0 0 0 0 0 0 0 0 0 0 0 0 0 0 0 0 0 0 2.464e+10 0 0 0 0 0 0 0 0 2.446625e+11 0 0 0 0 0 0 0 7.2375e+09 0 0 0 0 0 0 0 0 0 0 0 0 0 0 0 0 0 0 0 0 0 0 0 0 0 0 0 0 0 0 0 0 0 0 0 0 0 0 0 0 0 0 0 0 0 0 0 0 0 0 0 0 0 0 0 0 0 0 0 0 0 0 0 0 0 0 0 0 0 0 0 0 0 0 0 0 0 0 0 0 0 0 0 0 0 0 0 0 0 0 0 0 0 0 0 0 0 0 0 0 0 0 0 0 0 0 0 0 0 0 0 0 0 0 0 0 0 0 0 0 0 0 0 0 0 0 0 0 0 0 0 0 0 0 0 0 0 0 0 0 0 0 0 0 0 0 0 0 0 0 0 0 0 0 0 0 0 0 0 0 0 0 0 0 0 0 0 0 0 0 0 0 0 0 0 0 0 0 0 0 0 0 0 0 0 0 0 0 0 0 0 0 0 0 0 0 0 0 0 0 0 0 0 0 0 0 0], Total: 2.7654e+11
Higher than L info: [600 600 600 600 600 600 600 600 600 600 600 600 600 600 600 600 600 600 600 600 600 600 600 600 600 600 600 600 600 600 600 600 600 600 600 600 600 600 600 600 600 600 600 600 600 600 600 600 600 600 600 600 600 600 600 600 600 600 600 600 600 600 600 600 600 600 600 600 600 600 600 600 600 600 600 600 600 600 600 600 600 600 600 600 600 600 600 600 600 600 600 600 600 600 600 600 600 600 600 600 600 600 600 600 600 600 600 600 600 600 600 600 600 600 600 600 600 600 600 600 600 600 600 600 600 600 600 600 600 600 600 600 600 600 600 600 600 600 600 600 600 600 600 600 600 600 600 600 600 600 600 600 600 600 600 600 600 600 600 600 600 600 600 600 600 600 600 600 600 600 600 600 600 600 600 600 544 544 544 544 544 544 544 544 544 15 15 15 15 15 15 15 15 0 0 0 0 0 0 0 0 0 0 0 0 0 0 0 0 0 0 0 0 0 0 0 0 0 0 0 0 0 0 0 0 0 0 0 0 0 0 0 0 0 0 0 0 0 0 0 0 0 0 0 0 0 0 0 0 0 0 0 0 0 0 0 0 0 0 0 0 0 0 0 0 0 0 0 0 0 0 0 0 0 0 0 0 0 0 0 0 0 0 0 0 0 0 0 0 0 0 0 0 0 0 0 0 0 0 0 0 0 0 0 0 0 0 0 0 0 0 0 0 0 0 0 0 0 0 0 0 0 0 0 0 0 0 0 0 0 0 0 0 0 0 0 0 0 0 0 0 0 0 0 0 0 0 0 0 0 0 0 0 0 0 0 0 0 0 0 0 0 0 0 0 0 0 0 0 0 0 0 0 0 0 0 0 0 0 0 0 0 0 0 0 0 0 0 0 0 0 0 0 0 0 0 0 0 0 0]
Lower than L info: [0 0 0 0 0 0 0 0 0 0 0 0 0 0 0 0 0 0 0 0 0 0 0 0 0 0 0 0 0 0 0 0 0 0 0 0 0 0 0 0 0 0 0 0 0 0 0 0 0 0 0 0 0 0 0 0 0 0 0 0 0 0 0 0 0 0 0 0 0 0 0 0 0 0 0 0 0 0 0 0 0 0 0 0 0 0 0 0 0 0 0 0 0 0 0 0 0 0 0 0 0 0 0 0 0 0 0 0 0 0 0 0 0 0 0 0 0 0 0 0 0 0 0 0 0 0 0 0 0 0 0 0 0 0 0 0 0 0 0 0 0 0 0 0 0 0 0 0 0 0 0 0 0 0 0 0 0 0 0 0 0 0 0 0 0 0 0 0 0 0 0 0 0 0 0 56 56 56 56 56 56 56 56 56 585 585 585 585 585 585 585 585 600 600 600 600 600 600 600 600 600 600 600 600 600 600 600 600 600 600 600 600 600 600 600 600 600 600 600 600 600 600 600 600 600 600 600 600 600 600 600 600 600 600 600 600 600 600 600 600 600 600 600 600 600 600 600 600 600 600 600 600 600 600 600 600 600 600 600 600 600 600 600 600 600 600 600 600 600 600 600 600 600 600 600 600 600 600 600 600 600 600 600 600 600 600 600 600 600 600 600 600 600 600 600 600 600 600 600 600 600 600 600 600 600 600 600 600 600 600 600 600 600 600 600 600 600 600 600 600 600 600 600 600 600 600 600 600 600 600 600 600 600 600 600 600 600 600 600 600 600 600 600 600 600 600 600 600 600 600 600 600 600 600 600 600 600 600 600 600 600 600 600 600 600 600 600 600 600 600 600 600 600 600 600 600 600 600 600 600 600 600 600 600 600 600 600 600 600 600 600 600 600 600 600 600 600 600 600 600]
---------------------------
I0429 09:32:24.816009       1 recommender.go:70] NICONICO CPU Max: 0.335, Avg: 0.16985820105820107, Per95: 0.335
I0429 09:32:24.816063       1 recommender.go:71] NICONICO MEM Max: 4.825e+08, Avg: 2.341079365079365e+08, Per95: 4.625e+08
I0429 09:32:24.816086       1 recommender.go:73] NICONICO============================================
I0429 09:32:28.725694       1 recommender.go:94] NICONICO ESTIMATE 0.335 4.825e+08 {Target:map[cpu:335 memory:462500000] LowerBound:map[cpu:335 memory:462500000] UpperBound:map[cpu:335 memory:462500000]}
I0429 09:32:28.725912       1 recommender.go:96] NICONICO Cannot give valid pod recommendation. Reason: Too early for ML to give recommendation, wait for 5N time
I0429 09:32:28.851744       1 checkpoint_writer.go:114] Saved VPA default/workload-google-trace-ml-vpa checkpoint for workload-google-trace-ml
I0429 09:32:28.851786       1 cluster.go:382] Garbage collection of AggregateCollectionStates triggered
I0429 09:32:28.851881       1 recommender.go:195] ClusterState is tracking 20 aggregated container states
I0429 09:32:28.851918       1 main.go:250] Recommend Finished.
I0429 09:32:28.851959       1 cluster_feeder.go:321] Start selecting the vpaCRDs.
I0429 09:32:28.911236       1 cluster_feeder.go:356] Fetched 1 VPAs.
I0429 09:32:28.911996       1 cluster_feeder.go:366] Using selector app=workload-google-trace-ml for VPA default/workload-google-trace-ml-vpa
I0429 09:32:28.912580       1 main.go:243] Setup Finished.
I0429 09:32:38.950011       1 reflector.go:790] k8s.io/autoscaler/vertical-pod-autoscaler/pkg/target/controller_fetcher/controller_fetcher.go:136: Watch close - *v1.ReplicationController total 0 items received
I0429 09:32:52.226347       1 reflector.go:790] k8s.io/autoscaler/vertical-pod-autoscaler/pkg/recommender/input/cluster_feeder.go:175: Watch close - *v1.Pod total 21 items received
I0429 09:33:12.846440       1 reflector.go:790] k8s.io/autoscaler/vertical-pod-autoscaler/pkg/target/controller_fetcher/controller_fetcher.go:136: Watch close - *v1.StatefulSet total 3 items received
I0429 09:33:50.548803       1 reflector.go:790] k8s.io/autoscaler/vertical-pod-autoscaler/pkg/target/controller_fetcher/controller_fetcher.go:136: Watch close - *v1.DaemonSet total 0 items received
I0429 09:35:00.753469       1 reflector.go:790] k8s.io/autoscaler/vertical-pod-autoscaler/pkg/target/controller_fetcher/controller_fetcher.go:136: Watch close - *v1.ReplicaSet total 25 items received
I0429 09:35:09.315434       1 cluster_feeder.go:405] Deleting Pod {default workload-google-trace-autopilot-55bbf586d4-ldf5c}
I0429 09:35:38.315377       1 cluster_feeder.go:405] Deleting Pod {default workload-yuqiang-5f658c8464-ttdcz}
I0429 09:35:40.535348       1 reflector.go:790] k8s.io/autoscaler/vertical-pod-autoscaler/pkg/target/controller_fetcher/controller_fetcher.go:136: Watch close - *v1.CronJob total 3 items received
I0429 09:35:42.179769       1 reflector.go:790] k8s.io/autoscaler/vertical-pod-autoscaler/pkg/utils/vpa/api.go:90: Watch close - *v1.VerticalPodAutoscaler total 27 items received
I0429 09:35:51.049996       1 reflector.go:790] k8s.io/autoscaler/vertical-pod-autoscaler/pkg/target/controller_fetcher/controller_fetcher.go:136: Watch close - *v1.Job total 0 items received
I0429 09:36:00.649979       1 reflector.go:790] k8s.io/autoscaler/vertical-pod-autoscaler/pkg/target/controller_fetcher/controller_fetcher.go:136: Watch close - *v1.Deployment total 37 items received
I0429 09:36:09.312883       1 cluster_feeder.go:405] Deleting Pod {default workload-google-trace-autopilot-55bbf586d4-p8jnb}
I0429 09:36:38.315444       1 cluster_feeder.go:405] Deleting Pod {default workload-yuqiang-5f658c8464-vfzw9}
I0429 09:37:27.332716       1 recommender.go:184] ClusterState is tracking 28 PodStates and 1 VPAs
I0429 09:37:29.224148       1 recommender.go:67] NICONICO============================================
I0429 09:37:29.224999       1 recommender.go:69] NICONICO workload-google-trace-ml:

+++++++++++++++++++++++++++
Time: Halflife: 5m0s, N: 5, LastAggregation: 2024-04-29 09:37:27.328797515 +0000 UTC m=+606.100983956, Aggregation duration: 5m2.983974644s
Current buckets: [0 0 0 0 0 0 0 0 0 0 0 0 0 0 0 0 0 0 0 0 0 0 0 0 0 0 0 0 0 0 0 0 0 0 0 0 0 0 0 0 0 0 0 0 0 0 0 0 0 0 0 0 0 0 0 0 0 0 0 0 0 0 0 0 0 0 0 0 0 0 0 0 0 0 0 0 0 0 0 0 0 0 0 0 0 0 0 0 0 0 0 0 0 0 0 0 0 0 0 0 0 0 0 0 0 0 0 0 0 0 0 0 0 0 0 0 0 0 0 0 0 0 0 0 0 0 0 0 0 0 0 0 0 0 0 0 0 0 0 0 0 0 0 0 0 0 0 0 0 0 0 0 0 0 0 0 0 0 0 0 0 0 0 0 0 0 0 0 0 0 0 0 0 0 0 0 0 0 0 0 0 0 0 0 0 0 0 0 0 0 0 0 0 0 0 0 0 0 0 0 0 0 0 0 0 0 0 0 0 0 0 0 0 0 0 0 0 0 0 0 0 0 0 0 0 0 0 0 0 0 0 0 0 0 0 0 0 0 0 0 0 0 0 0 0 0 0 0 0 0 0 0 0 0 0 0 0 0 0 0 0 0 0 0 0 0 0 0 0 0 0 0 0 0 0 0 0 0 0 0 0 0 0 0 0 0 0 0 0 0 0 0 0 0 0 0 0 0 0 0 0 0 0 0 0 0 0 0 0 0 0 0 0 0 0 0 0 0 0 0 0 0 0 0 0 0 0 0 0 0 0 0 0 0 0 0 0 0 0 0 0 0 0 0 0 0 0 0 0 0 0 0 0 0 0 0 0 0 0 0 0 0 0 0 0 0 0 0 0 0 0 0 0 0 0 0 0 0 0 0 0 0 0 0 0 0 0 0 0 0 0 0 0 0 0 0 0 0 0 0]
Max: Window: [0.335 0.33 0 0 0], HeadPosition: 2
Average: Upper: 0.49605535144622614, Lower: 1.96875
Adjusted Usage: Weights: [0 0 0 0 0 0 0 0 0 0 0 0 0 0 0 0 0 0 0 0 0 0 0 0 0 0 0 0 0 0 0 0 0 0 0 0 0 0 0 0 0 0 0 0 0 0 0 0 0 0 0 0 0 0 0 0 0 0 0 0 0 0 0 0 0 209.63450936046772 87.99870150726794 0 0 0 0 0 0 0 0 0 0 0 0 0 0 0 0 0 0 0 0 0 0 0 0 0 0 0 0 0 0 0 0 0 0 0 0 0 0 0 0 0 0 0 0 0 0 0 0 0 0 0 0 0 0 0 0 0 0 0 0 0 0 0 0 0 0 0 0 0 0 0 0 0 0 0 0 0 0 0 0 0 0 0 0 0 0 0 0 0 0 0 0 0 0 0 0 0 0 0 0 0 0 0 0 0 0 0 0 0 0 0 0 0 0 0 0 0 0 0 0 0 0 0 0 0 0 0 0 0 0 0 0 0 0 0 0 0 0 0 0 0 0 0 0 0 0 0 0 0 0 0 0 0 0 0 0 0 0 0 0 0 0 0 0 0 0 0 0 0 0 0 0 0 0 0 0 0 0 0 0 0 0 0 0 0 0 0 0 0 0 0 0 0 0 0 0 0 0 0 0 0 0 0 0 0 0 0 0 0 0 0 0 0 0 0 0 0 0 0 0 0 0 0 0 0 0 0 0 0 0 0 0 0 0 0 0 0 0 0 0 0 0 0 0 0 0 0 0 0 0 0 0 0 0 0 0 0 0 0 0 0 0 0 0 0 0 0 0 0 0 0 0 0 0 0 0 0 0 0 0 0 0 0 0 0 0 0 0 0 0 0 0 0 0 0 0 0 0 0 0 0 0 0 0 0 0 0 0 0 0 0 0 0 0 0 0 0 0 0 0 0 0 0 0 0 0 0 0 0 0 0 0 0], Total: 297.63321086773567
Higher than L info: [600 600 600 600 600 600 600 600 600 600 600 600 600 600 600 600 600 600 600 600 600 600 600 600 600 600 600 600 600 600 600 600 600 600 600 600 600 600 600 600 600 600 600 600 600 600 600 600 600 600 600 600 600 600 600 600 600 600 600 600 600 600 600 600 600 600 0 0 0 0 0 0 0 0 0 0 0 0 0 0 0 0 0 0 0 0 0 0 0 0 0 0 0 0 0 0 0 0 0 0 0 0 0 0 0 0 0 0 0 0 0 0 0 0 0 0 0 0 0 0 0 0 0 0 0 0 0 0 0 0 0 0 0 0 0 0 0 0 0 0 0 0 0 0 0 0 0 0 0 0 0 0 0 0 0 0 0 0 0 0 0 0 0 0 0 0 0 0 0 0 0 0 0 0 0 0 0 0 0 0 0 0 0 0 0 0 0 0 0 0 0 0 0 0 0 0 0 0 0 0 0 0 0 0 0 0 0 0 0 0 0 0 0 0 0 0 0 0 0 0 0 0 0 0 0 0 0 0 0 0 0 0 0 0 0 0 0 0 0 0 0 0 0 0 0 0 0 0 0 0 0 0 0 0 0 0 0 0 0 0 0 0 0 0 0 0 0 0 0 0 0 0 0 0 0 0 0 0 0 0 0 0 0 0 0 0 0 0 0 0 0 0 0 0 0 0 0 0 0 0 0 0 0 0 0 0 0 0 0 0 0 0 0 0 0 0 0 0 0 0 0 0 0 0 0 0 0 0 0 0 0 0 0 0 0 0 0 0 0 0 0 0 0 0 0 0 0 0 0 0 0 0 0 0 0 0 0 0 0 0 0 0 0 0 0 0 0 0 0 0 0 0 0 0 0 0 0 0 0 0 0 0 0 0 0 0 0 0 0 0 0 0 0 0 0 0 0 0 0 0]
Lower than L info: [0 0 0 0 0 0 0 0 0 0 0 0 0 0 0 0 0 0 0 0 0 0 0 0 0 0 0 0 0 0 0 0 0 0 0 0 0 0 0 0 0 0 0 0 0 0 0 0 0 0 0 0 0 0 0 0 0 0 0 0 0 0 0 0 0 600 600 600 600 600 600 600 600 600 600 600 600 600 600 600 600 600 600 600 600 600 600 600 600 600 600 600 600 600 600 600 600 600 600 600 600 600 600 600 600 600 600 600 600 600 600 600 600 600 600 600 600 600 600 600 600 600 600 600 600 600 600 600 600 600 600 600 600 600 600 600 600 600 600 600 600 600 600 600 600 600 600 600 600 600 600 600 600 600 600 600 600 600 600 600 600 600 600 600 600 600 600 600 600 600 600 600 600 600 600 600 600 600 600 600 600 600 600 600 600 600 600 600 600 600 600 600 600 600 600 600 600 600 600 600 600 600 600 600 600 600 600 600 600 600 600 600 600 600 600 600 600 600 600 600 600 600 600 600 600 600 600 600 600 600 600 600 600 600 600 600 600 600 600 600 600 600 600 600 600 600 600 600 600 600 600 600 600 600 600 600 600 600 600 600 600 600 600 600 600 600 600 600 600 600 600 600 600 600 600 600 600 600 600 600 600 600 600 600 600 600 600 600 600 600 600 600 600 600 600 600 600 600 600 600 600 600 600 600 600 600 600 600 600 600 600 600 600 600 600 600 600 600 600 600 600 600 600 600 600 600 600 600 600 600 600 600 600 600 600 600 600 600 600 600 600 600 600 600 600 600 600 600 600 600 600 600 600 600 600 600 600 600 600 600 600 600 600 600 600 600 600 600 600 600 600 600 600 600 600 600 600 600 600 600 600 600 600 600 600 600 600 600 600 600 600 600 600 600 600 600 600 600 600 600]
---------------------------

+++++++++++++++++++++++++++
Time: Halflife: 5m0s, N: 5, LastAggregation: 2024-04-29 09:37:27.328797515 +0000 UTC m=+606.100983956, Aggregation duration: 5m2.983974644s
Current buckets: [0 0 0 0 0 0 0 0 0 0 0 0 0 0 0 0 0 0 0 0 0 0 0 0 0 0 0 0 0 0 0 0 0 0 0 0 0 0 0 0 0 0 0 0 0 0 0 0 0 0 0 0 0 0 0 0 0 0 0 0 0 0 0 0 0 0 0 0 0 0 0 0 0 0 0 0 0 0 0 0 0 0 0 0 0 0 0 0 0 0 0 0 0 0 0 0 0 0 0 0 0 0 0 0 0 0 0 0 0 0 0 0 0 0 0 0 0 0 0 0 0 0 0 0 0 0 0 0 0 0 0 0 0 0 0 0 0 0 0 0 0 0 0 0 0 0 0 0 0 0 0 0 0 0 0 0 0 0 0 0 0 0 0 0 0 0 0 0 0 0 0 0 0 0 0 0 0 0 0 0 0 0 0 0 0 0 0 0 0 0 0 0 0 0 0 0 0 0 0 0 0 0 0 0 0 0 0 0 0 0 0 0 0 0 0 0 0 0 0 0 0 0 0 0 0 0 0 0 0 0 0 0 0 0 0 0 0 0 0 0 0 0 0 0 0 0 0 0 0 0 0 0 0 0 0 0 0 0 0 0 0 0 0 0 0 0 0 0 0 0 0 0 0 0 0 0 0 0 0 0 0 0 0 0 0 0 0 0 0 0 0 0 0 0 0 0 0 0 0 0 0 0 0 0 0 0 0 0 0 0 0 0 0 0 0 0 0 0 0 0 0 0 0 0 0 0 0 0 0 0 0 0 0 0 0 0 0 0 0 0 0 0 0 0 0 0 0 0 0 0 0 0 0 0 0 0 0 0 0 0 0 0 0 0 0 0 0 0 0 0 0 0 0 0 0 0 0 0 0 0 0 0 0 0 0 0 0 0 0 0 0 0 0 0 0 0 0 0 0 0]
Max: Window: [4.825e+08 4.525e+08 0 0 0], HeadPosition: 2
Average: Upper: 6.669791395322055e+08, Lower: 1.96875
Adjusted Usage: Weights: [0 0 0 0 0 0 0 0 0 0 0 0 0 0 0 0 0 0 0 0 0 0 0 0 0 0 0 0 0 0 0 0 0 0 0 0 0 0 0 0 0 0 0 0 0 0 0 0 0 0 0 0 0 0 0 0 0 0 0 0 0 0 0 0 0 0 0 0 0 0 0 0 0 0 0 0 0 0 0 0 0 0 0 0 0 0 0 0 0 0 0 0 0 0 0 0 0 0 0 0 0 0 0 0 0 0 0 0 0 0 0 0 0 0 0 0 0 0 0 0 0 0 0 0 0 0 0 0 0 0 0 0 0 0 0 0 0 0 0 0 0 0 0 0 0 0 0 0 0 0 0 0 0 0 0 0 0 0 0 0 0 0 0 0 0 0 2.5885e+10 0 0 0 0 0 0 0 0 2.3575535256687686e+11 0 6.675e+09 0 0 6.7875e+09 0 0 0 1.2149074461824304e+11 0 0 0 0 0 0 0 3.593886534203378e+09 0 0 0 0 0 0 0 0 0 0 0 0 0 0 0 0 0 0 0 0 0 0 0 0 0 0 0 0 0 0 0 0 0 0 0 0 0 0 0 0 0 0 0 0 0 0 0 0 0 0 0 0 0 0 0 0 0 0 0 0 0 0 0 0 0 0 0 0 0 0 0 0 0 0 0 0 0 0 0 0 0 0 0 0 0 0 0 0 0 0 0 0 0 0 0 0 0 0 0 0 0 0 0 0 0 0 0 0 0 0 0 0 0 0 0 0 0 0 0 0 0 0 0 0 0 0 0 0 0 0 0 0 0 0 0 0 0 0 0 0 0 0 0 0 0 0 0 0 0 0 0 0 0 0 0 0 0 0 0 0 0 0 0 0 0 0 0 0 0 0 0 0 0 0 0 0 0 0 0 0 0 0 0 0 0 0 0 0 0 0 0 0 0 0 0 0 0 0 0 0 0 0 0 0 0 0 0], Total: 4.0018748371932324e+11
Higher than L info: [600 600 600 600 600 600 600 600 600 600 600 600 600 600 600 600 600 600 600 600 600 600 600 600 600 600 600 600 600 600 600 600 600 600 600 600 600 600 600 600 600 600 600 600 600 600 600 600 600 600 600 600 600 600 600 600 600 600 600 600 600 600 600 600 600 600 600 600 600 600 600 600 600 600 600 600 600 600 600 600 600 600 600 600 600 600 600 600 600 600 600 600 600 600 600 600 600 600 600 600 600 600 600 600 600 600 600 600 600 600 600 600 600 600 600 600 600 600 600 600 600 600 600 600 600 600 600 600 600 600 600 600 600 600 600 600 600 600 600 600 600 600 600 600 600 600 600 600 600 600 600 600 600 600 600 600 600 600 600 600 600 600 600 600 600 600 600 538 538 538 538 538 538 538 538 538 30 30 15 15 15 0 0 0 0 0 0 0 0 0 0 0 0 0 0 0 0 0 0 0 0 0 0 0 0 0 0 0 0 0 0 0 0 0 0 0 0 0 0 0 0 0 0 0 0 0 0 0 0 0 0 0 0 0 0 0 0 0 0 0 0 0 0 0 0 0 0 0 0 0 0 0 0 0 0 0 0 0 0 0 0 0 0 0 0 0 0 0 0 0 0 0 0 0 0 0 0 0 0 0 0 0 0 0 0 0 0 0 0 0 0 0 0 0 0 0 0 0 0 0 0 0 0 0 0 0 0 0 0 0 0 0 0 0 0 0 0 0 0 0 0 0 0 0 0 0 0 0 0 0 0 0 0 0 0 0 0 0 0 0 0 0 0 0 0 0 0 0 0 0 0 0 0 0 0 0 0 0 0 0 0 0 0 0 0 0 0 0 0 0 0 0 0 0 0 0 0 0 0 0 0 0 0 0 0 0 0 0 0 0 0 0 0 0 0 0 0 0 0 0]
Lower than L info: [0 0 0 0 0 0 0 0 0 0 0 0 0 0 0 0 0 0 0 0 0 0 0 0 0 0 0 0 0 0 0 0 0 0 0 0 0 0 0 0 0 0 0 0 0 0 0 0 0 0 0 0 0 0 0 0 0 0 0 0 0 0 0 0 0 0 0 0 0 0 0 0 0 0 0 0 0 0 0 0 0 0 0 0 0 0 0 0 0 0 0 0 0 0 0 0 0 0 0 0 0 0 0 0 0 0 0 0 0 0 0 0 0 0 0 0 0 0 0 0 0 0 0 0 0 0 0 0 0 0 0 0 0 0 0 0 0 0 0 0 0 0 0 0 0 0 0 0 0 0 0 0 0 0 0 0 0 0 0 0 0 0 0 0 0 0 62 62 62 62 62 62 62 62 62 570 570 585 585 585 600 600 600 600 600 600 600 600 600 600 600 600 600 600 600 600 600 600 600 600 600 600 600 600 600 600 600 600 600 600 600 600 600 600 600 600 600 600 600 600 600 600 600 600 600 600 600 600 600 600 600 600 600 600 600 600 600 600 600 600 600 600 600 600 600 600 600 600 600 600 600 600 600 600 600 600 600 600 600 600 600 600 600 600 600 600 600 600 600 600 600 600 600 600 600 600 600 600 600 600 600 600 600 600 600 600 600 600 600 600 600 600 600 600 600 600 600 600 600 600 600 600 600 600 600 600 600 600 600 600 600 600 600 600 600 600 600 600 600 600 600 600 600 600 600 600 600 600 600 600 600 600 600 600 600 600 600 600 600 600 600 600 600 600 600 600 600 600 600 600 600 600 600 600 600 600 600 600 600 600 600 600 600 600 600 600 600 600 600 600 600 600 600 600 600 600 600 600 600 600 600 600 600 600 600 600 600 600 600 600 600 600 600 600 600 600 600 600 600 600]
---------------------------
I0429 09:37:29.225075       1 recommender.go:70] NICONICO CPU Max: 0.335, Avg: 0.25196462295681327, Per95: 0.335
I0429 09:37:29.225097       1 recommender.go:71] NICONICO MEM Max: 4.825e+08, Avg: 3.387830550004853e+08, Per95: 4.625e+08
I0429 09:37:29.225104       1 recommender.go:73] NICONICO============================================
I0429 09:37:31.420519       1 recommender.go:94] NICONICO ESTIMATE 0.335 4.825e+08 {Target:map[cpu:330 memory:440000000] LowerBound:map[cpu:330 memory:440000000] UpperBound:map[cpu:330 memory:440000000]}
I0429 09:37:31.421698       1 recommender.go:96] NICONICO Cannot give valid pod recommendation. Reason: Too early for ML to give recommendation, wait for 5N time
