I0424 15:23:59.805307       1 flags.go:57] FLAG: --add-dir-header="false"
I0424 15:23:59.805423       1 flags.go:57] FLAG: --address=":8942"
I0424 15:23:59.805428       1 flags.go:57] FLAG: --alsologtostderr="false"
I0424 15:23:59.805431       1 flags.go:57] FLAG: --ap-cpu-histogram-bucket="0.005"
I0424 15:23:59.805434       1 flags.go:57] FLAG: --ap-cpu-histogram-decay-half-life="12h0m0s"
I0424 15:23:59.805437       1 flags.go:57] FLAG: --ap-cpu-histogram-max="2"
I0424 15:23:59.805440       1 flags.go:57] FLAG: --ap-cpu-histogram-n="5"
I0424 15:23:59.805442       1 flags.go:57] FLAG: --ap-cpu-recommend-policy="sp_95"
I0424 15:23:59.805445       1 flags.go:57] FLAG: --ap-memory-histogram-bucket="2.5e+06"
I0424 15:23:59.805447       1 flags.go:57] FLAG: --ap-memory-histogram-decay-half-life="48h0m0s"
I0424 15:23:59.805451       1 flags.go:57] FLAG: --ap-memory-histogram-max="1e+09"
I0424 15:23:59.805456       1 flags.go:57] FLAG: --ap-memory-histogram-n="5"
I0424 15:23:59.805461       1 flags.go:57] FLAG: --ap-memory-recommend-policy="max"
I0424 15:23:59.805465       1 flags.go:57] FLAG: --checkpoints-gc-interval="10m0s"
I0424 15:23:59.805469       1 flags.go:57] FLAG: --checkpoints-timeout="1m0s"
I0424 15:23:59.805474       1 flags.go:57] FLAG: --container-name-label="name"
I0424 15:23:59.805478       1 flags.go:57] FLAG: --container-namespace-label="namespace"
I0424 15:23:59.805483       1 flags.go:57] FLAG: --container-pod-name-label="pod_name"
I0424 15:23:59.805494       1 flags.go:57] FLAG: --cpu-integer-post-processor-enabled="false"
I0424 15:23:59.805498       1 flags.go:57] FLAG: --external-metrics-cpu-metric=""
I0424 15:23:59.805502       1 flags.go:57] FLAG: --external-metrics-memory-metric=""
I0424 15:23:59.805520       1 flags.go:57] FLAG: --history-length="8d"
I0424 15:23:59.805525       1 flags.go:57] FLAG: --history-resolution="1h"
I0424 15:23:59.805529       1 flags.go:57] FLAG: --kube-api-burst="10"
I0424 15:23:59.805534       1 flags.go:57] FLAG: --kube-api-qps="5"
I0424 15:23:59.805539       1 flags.go:57] FLAG: --kubeconfig=""
I0424 15:23:59.805543       1 flags.go:57] FLAG: --log-backtrace-at=":0"
I0424 15:23:59.805549       1 flags.go:57] FLAG: --log-dir=""
I0424 15:23:59.805554       1 flags.go:57] FLAG: --log-file=""
I0424 15:23:59.805558       1 flags.go:57] FLAG: --log-file-max-size="1800"
I0424 15:23:59.805563       1 flags.go:57] FLAG: --logtostderr="true"
I0424 15:23:59.805567       1 flags.go:57] FLAG: --memory-aggregation-interval="24h0m0s"
I0424 15:23:59.805572       1 flags.go:57] FLAG: --memory-aggregation-interval-count="8"
I0424 15:23:59.805576       1 flags.go:57] FLAG: --memory-saver="false"
I0424 15:23:59.805580       1 flags.go:57] FLAG: --metric-for-pod-labels="up{job=\"kubernetes-pods\"}"
I0424 15:23:59.805585       1 flags.go:57] FLAG: --metrics-interval="1s"
I0424 15:23:59.805589       1 flags.go:57] FLAG: --min-checkpoints="10"
I0424 15:23:59.805594       1 flags.go:57] FLAG: --one-output="false"
I0424 15:23:59.805598       1 flags.go:57] FLAG: --oom-bump-up-ratio="1.2"
I0424 15:23:59.805603       1 flags.go:57] FLAG: --oom-min-bump-up-bytes="1.048576e+08"
I0424 15:23:59.805607       1 flags.go:57] FLAG: --password=""
I0424 15:23:59.805611       1 flags.go:57] FLAG: --pod-label-prefix="pod_label_"
I0424 15:23:59.805615       1 flags.go:57] FLAG: --pod-name-label="kubernetes_pod_name"
I0424 15:23:59.805619       1 flags.go:57] FLAG: --pod-namespace-label="kubernetes_namespace"
I0424 15:23:59.805623       1 flags.go:57] FLAG: --prometheus-address=""
I0424 15:23:59.805627       1 flags.go:57] FLAG: --prometheus-cadvisor-job-name="kubernetes-cadvisor"
I0424 15:23:59.805631       1 flags.go:57] FLAG: --prometheus-query-timeout="5m"
I0424 15:23:59.805634       1 flags.go:57] FLAG: --recommender-interval="5m0s"
I0424 15:23:59.805638       1 flags.go:57] FLAG: --recommender-name="autopilot"
I0424 15:23:59.805642       1 flags.go:57] FLAG: --skip-headers="false"
I0424 15:23:59.805646       1 flags.go:57] FLAG: --skip-log-headers="false"
I0424 15:23:59.805649       1 flags.go:57] FLAG: --stderrthreshold="2"
I0424 15:23:59.805653       1 flags.go:57] FLAG: --storage=""
I0424 15:23:59.805657       1 flags.go:57] FLAG: --use-external-metrics="false"
I0424 15:23:59.805661       1 flags.go:57] FLAG: --username=""
I0424 15:23:59.805664       1 flags.go:57] FLAG: --v="4"
I0424 15:23:59.805668       1 flags.go:57] FLAG: --vmodule=""
I0424 15:23:59.805672       1 flags.go:57] FLAG: --vpa-object-namespace=""
I0424 15:23:59.805678       1 main.go:121] Vertical Pod Autoscaler 1.1.0 Recommender: autopilot
I0424 15:23:59.806438       1 reflector.go:289] Starting reflector *v1.StatefulSet (10m0s) from k8s.io/autoscaler/vertical-pod-autoscaler/pkg/target/controller_fetcher/controller_fetcher.go:136
I0424 15:23:59.806461       1 reflector.go:325] Listing and watching *v1.StatefulSet from k8s.io/autoscaler/vertical-pod-autoscaler/pkg/target/controller_fetcher/controller_fetcher.go:136
I0424 15:23:59.906595       1 shared_informer.go:341] caches populated
I0424 15:23:59.906609       1 controller_fetcher.go:141] Initial sync of StatefulSet completed
I0424 15:23:59.906699       1 reflector.go:289] Starting reflector *v1.ReplicationController (10m0s) from k8s.io/autoscaler/vertical-pod-autoscaler/pkg/target/controller_fetcher/controller_fetcher.go:136
I0424 15:23:59.906708       1 reflector.go:325] Listing and watching *v1.ReplicationController from k8s.io/autoscaler/vertical-pod-autoscaler/pkg/target/controller_fetcher/controller_fetcher.go:136
I0424 15:24:00.007356       1 shared_informer.go:341] caches populated
I0424 15:24:00.007370       1 controller_fetcher.go:141] Initial sync of ReplicationController completed
I0424 15:24:00.007480       1 reflector.go:289] Starting reflector *v1.Job (10m0s) from k8s.io/autoscaler/vertical-pod-autoscaler/pkg/target/controller_fetcher/controller_fetcher.go:136
I0424 15:24:00.007491       1 reflector.go:325] Listing and watching *v1.Job from k8s.io/autoscaler/vertical-pod-autoscaler/pkg/target/controller_fetcher/controller_fetcher.go:136
I0424 15:24:00.107780       1 shared_informer.go:341] caches populated
I0424 15:24:00.107794       1 controller_fetcher.go:141] Initial sync of Job completed
I0424 15:24:00.107908       1 reflector.go:289] Starting reflector *v1.CronJob (10m0s) from k8s.io/autoscaler/vertical-pod-autoscaler/pkg/target/controller_fetcher/controller_fetcher.go:136
I0424 15:24:00.107921       1 reflector.go:325] Listing and watching *v1.CronJob from k8s.io/autoscaler/vertical-pod-autoscaler/pkg/target/controller_fetcher/controller_fetcher.go:136
I0424 15:24:00.208332       1 shared_informer.go:341] caches populated
I0424 15:24:00.208355       1 controller_fetcher.go:141] Initial sync of CronJob completed
I0424 15:24:00.208521       1 reflector.go:289] Starting reflector *v1.DaemonSet (10m0s) from k8s.io/autoscaler/vertical-pod-autoscaler/pkg/target/controller_fetcher/controller_fetcher.go:136
I0424 15:24:00.208534       1 reflector.go:325] Listing and watching *v1.DaemonSet from k8s.io/autoscaler/vertical-pod-autoscaler/pkg/target/controller_fetcher/controller_fetcher.go:136
I0424 15:24:00.309469       1 shared_informer.go:341] caches populated
I0424 15:24:00.309491       1 controller_fetcher.go:141] Initial sync of DaemonSet completed
I0424 15:24:00.309690       1 reflector.go:289] Starting reflector *v1.Deployment (10m0s) from k8s.io/autoscaler/vertical-pod-autoscaler/pkg/target/controller_fetcher/controller_fetcher.go:136
I0424 15:24:00.309706       1 reflector.go:325] Listing and watching *v1.Deployment from k8s.io/autoscaler/vertical-pod-autoscaler/pkg/target/controller_fetcher/controller_fetcher.go:136
I0424 15:24:00.410264       1 shared_informer.go:341] caches populated
I0424 15:24:00.410281       1 controller_fetcher.go:141] Initial sync of Deployment completed
I0424 15:24:00.410405       1 reflector.go:289] Starting reflector *v1.ReplicaSet (10m0s) from k8s.io/autoscaler/vertical-pod-autoscaler/pkg/target/controller_fetcher/controller_fetcher.go:136
I0424 15:24:00.410418       1 reflector.go:325] Listing and watching *v1.ReplicaSet from k8s.io/autoscaler/vertical-pod-autoscaler/pkg/target/controller_fetcher/controller_fetcher.go:136
I0424 15:24:00.510978       1 shared_informer.go:341] caches populated
I0424 15:24:00.510988       1 controller_fetcher.go:141] Initial sync of ReplicaSet completed
I0424 15:24:00.511137       1 reflector.go:289] Starting reflector *v1.Pod (1h0m0s) from k8s.io/autoscaler/vertical-pod-autoscaler/pkg/recommender/input/cluster_feeder.go:175
I0424 15:24:00.511231       1 reflector.go:325] Listing and watching *v1.Pod from k8s.io/autoscaler/vertical-pod-autoscaler/pkg/recommender/input/cluster_feeder.go:175
I0424 15:24:00.511137       1 main.go:166] Using Metrics Server.
I0424 15:24:00.511877       1 reflector.go:289] Starting reflector *v1.VerticalPodAutoscaler (1h0m0s) from k8s.io/autoscaler/vertical-pod-autoscaler/pkg/utils/vpa/api.go:90
I0424 15:24:00.511929       1 reflector.go:325] Listing and watching *v1.VerticalPodAutoscaler from k8s.io/autoscaler/vertical-pod-autoscaler/pkg/utils/vpa/api.go:90
I0424 15:24:00.611949       1 shared_informer.go:341] caches populated
I0424 15:24:00.611970       1 api.go:94] Initial VPA synced successfully
I0424 15:24:00.612081       1 shared_informer.go:341] caches populated
I0424 15:24:00.612093       1 fetcher.go:99] Initial sync of Job completed
I0424 15:24:00.612100       1 shared_informer.go:341] caches populated
I0424 15:24:00.612103       1 fetcher.go:99] Initial sync of CronJob completed
I0424 15:24:00.612107       1 shared_informer.go:341] caches populated
I0424 15:24:00.612110       1 fetcher.go:99] Initial sync of DaemonSet completed
I0424 15:24:00.612113       1 shared_informer.go:341] caches populated
I0424 15:24:00.612117       1 fetcher.go:99] Initial sync of Deployment completed
I0424 15:24:00.612120       1 shared_informer.go:341] caches populated
I0424 15:24:00.612129       1 fetcher.go:99] Initial sync of ReplicaSet completed
I0424 15:24:00.612133       1 shared_informer.go:341] caches populated
I0424 15:24:00.612136       1 fetcher.go:99] Initial sync of StatefulSet completed
I0424 15:24:00.612139       1 shared_informer.go:341] caches populated
I0424 15:24:00.612142       1 fetcher.go:99] Initial sync of ReplicationController completed
W0424 15:24:00.612194       1 shared_informer.go:459] The sharedIndexInformer has started, run more than once is not allowed
W0424 15:24:00.612230       1 shared_informer.go:459] The sharedIndexInformer has started, run more than once is not allowed
W0424 15:24:00.612213       1 shared_informer.go:459] The sharedIndexInformer has started, run more than once is not allowed
W0424 15:24:00.612221       1 shared_informer.go:459] The sharedIndexInformer has started, run more than once is not allowed
W0424 15:24:00.612253       1 shared_informer.go:459] The sharedIndexInformer has started, run more than once is not allowed
W0424 15:24:00.612258       1 shared_informer.go:459] The sharedIndexInformer has started, run more than once is not allowed
W0424 15:24:00.612263       1 shared_informer.go:459] The sharedIndexInformer has started, run more than once is not allowed
I0424 15:24:00.612388       1 recommender.go:266] New Recommender created &{clusterState:0xc0000214a0 clusterStateFeeder:0xc0006b00a0 checkpointWriter:0xc00068a108 checkpointsGCInterval:600000000000 controllerFetcher:0xc0004782d0 lastCheckpointGC:{wall:13943820526343437925 ext:1063823298 loc:0x2a222e0} vpaClient:0xc000227910 podResourceRecommender:0xc000227f50 useCheckpoints:true lastAggregateContainerStateGC:{wall:13943820526343437855 ext:1063823228 loc:0x2a222e0} recommendationPostProcessor:[0x2a84100]}
I0424 15:24:00.612413       1 cluster_feeder.go:249] Initializing VPA from checkpoints
I0424 15:24:00.612419       1 cluster_feeder.go:321] Start selecting the vpaCRDs.
I0424 15:24:00.612423       1 cluster_feeder.go:356] Fetched 1 VPAs.
I0424 15:24:00.612463       1 cluster_feeder.go:366] Using selector app=workload-cpu-only for VPA default/workload-cpu-only-vpa
I0424 15:24:00.612477       1 cluster_feeder.go:258] Fetching checkpoints from namespace default
I0424 15:24:00.645660       1 main.go:233] recommenderRoundLength: 300
I0424 15:24:01.646765       1 cluster_feeder.go:321] Start selecting the vpaCRDs.
I0424 15:24:01.646800       1 cluster_feeder.go:356] Fetched 1 VPAs.
I0424 15:24:01.646833       1 cluster_feeder.go:366] Using selector app=workload-cpu-only for VPA default/workload-cpu-only-vpa
I0424 15:24:01.646856       1 main.go:240] Setup Finished.
I0424 15:29:00.658267       1 recommender.go:184] ClusterState is tracking 18 PodStates and 1 VPAs
I0424 15:29:00.658391       1 recommender.go:66] NICONICO============================================
I0424 15:29:00.658826       1 recommender.go:68] NICONICO workload-cpu-only:

+++++++++++++++++++++++++++
Time: Halflife: 12h0m0s, N: 5, LastAggregation: 2024-04-24 15:29:00.655985114 +0000 UTC m=+301.107424096, Aggregation duration: 5m0s
Current buckets: [0 0 0 0 0 0 0 0 0 0 0 0 0 0 0 0 0 0 0 0 0 0 0 0 0 0 0 0 0 0 0 0 0 0 0 0 0 0 0 0 0 0 0 0 0 0 0 0 0 0 0 0 0 0 0 0 0 0 0 0 0 0 0 0 0 0 0 0 0 0 0 0 0 0 0 0 0 0 0 0 0 0 0 0 0 0 0 0 0 0 0 0 0 0 0 0 0 0 0 0 0 0 0 0 0 0 0 0 0 0 0 0 0 0 0 0 0 0 0 0 0 0 0 0 0 0 0 0 0 0 0 0 0 0 0 0 0 0 0 0 0 0 0 0 0 0 0 0 0 0 0 0 0 0 0 0 0 0 0 0 0 0 0 0 0 0 0 0 0 0 0 0 0 0 0 0 0 0 0 0 0 0 0 0 0 0 0 0 0 0 0 0 0 0 0 0 0 0 0 0 0 0 0 0 0 0 0 0 0 0 0 0 0 0 0 0 0 0 0 0 0 0 0 0 0 0 0 0 0 0 0 0 0 0 0 0 0 0 0 0 0 0 0 0 0 0 0 0 0 0 0 0 0 0 0 0 0 0 0 0 0 0 0 0 0 0 0 0 0 0 0 0 0 0 0 0 0 0 0 0 0 0 0 0 0 0 0 0 0 0 0 0 0 0 0 0 0 0 0 0 0 0 0 0 0 0 0 0 0 0 0 0 0 0 0 0 0 0 0 0 0 0 0 0 0 0 0 0 0 0 0 0 0 0 0 0 0 0 0 0 0 0 0 0 0 0 0 0 0 0 0 0 0 0 0 0 0 0 0 0 0 0 0 0 0 0 0 0 0 0 0 0 0 0 0 0 0 0 0 0 0 0 0 0 0 0 0 0 0 0 0 0 0 0 0 0 0 0 0 0]
Max: Window: [0.105 0 0 0 0], HeadPosition: 1
Average: Upper: 0.104875, Lower: 5.928430183006922
Adjusted Usage: Weights: [0 0 0 0 0 0 0 0 0 0 0 0 0 0 0 0 0 0 0 1.5 61.425 0 0 0 0 0 0 0 0 0 0 0 0 0 0 0 0 0 0 0 0 0 0 0 0 0 0 0 0 0 0 0 0 0 0 0 0 0 0 0 0 0 0 0 0 0 0 0 0 0 0 0 0 0 0 0 0 0 0 0 0 0 0 0 0 0 0 0 0 0 0 0 0 0 0 0 0 0 0 0 0 0 0 0 0 0 0 0 0 0 0 0 0 0 0 0 0 0 0 0 0 0 0 0 0 0 0 0 0 0 0 0 0 0 0 0 0 0 0 0 0 0 0 0 0 0 0 0 0 0 0 0 0 0 0 0 0 0 0 0 0 0 0 0 0 0 0 0 0 0 0 0 0 0 0 0 0 0 0 0 0 0 0 0 0 0 0 0 0 0 0 0 0 0 0 0 0 0 0 0 0 0 0 0 0 0 0 0 0 0 0 0 0 0 0 0 0 0 0 0 0 0 0 0 0 0 0 0 0 0 0 0 0 0 0 0 0 0 0 0 0 0 0 0 0 0 0 0 0 0 0 0 0 0 0 0 0 0 0 0 0 0 0 0 0 0 0 0 0 0 0 0 0 0 0 0 0 0 0 0 0 0 0 0 0 0 0 0 0 0 0 0 0 0 0 0 0 0 0 0 0 0 0 0 0 0 0 0 0 0 0 0 0 0 0 0 0 0 0 0 0 0 0 0 0 0 0 0 0 0 0 0 0 0 0 0 0 0 0 0 0 0 0 0 0 0 0 0 0 0 0 0 0 0 0 0 0 0 0 0 0 0 0 0 0 0 0 0 0 0 0 0 0 0 0 0 0 0 0 0 0 0 0 0 0 0 0 0 0 0 0 0 0 0 0 0 0 0 0 0], Total: 62.925
---------------------------

+++++++++++++++++++++++++++
Time: Halflife: 48h0m0s, N: 5, LastAggregation: 2024-04-24 15:29:00.655985114 +0000 UTC m=+301.107424096, Aggregation duration: 5m0s
Current buckets: [0 0 0 0 0 0 0 0 0 0 0 0 0 0 0 0 0 0 0 0 0 0 0 0 0 0 0 0 0 0 0 0 0 0 0 0 0 0 0 0 0 0 0 0 0 0 0 0 0 0 0 0 0 0 0 0 0 0 0 0 0 0 0 0 0 0 0 0 0 0 0 0 0 0 0 0 0 0 0 0 0 0 0 0 0 0 0 0 0 0 0 0 0 0 0 0 0 0 0 0 0 0 0 0 0 0 0 0 0 0 0 0 0 0 0 0 0 0 0 0 0 0 0 0 0 0 0 0 0 0 0 0 0 0 0 0 0 0 0 0 0 0 0 0 0 0 0 0 0 0 0 0 0 0 0 0 0 0 0 0 0 0 0 0 0 0 0 0 0 0 0 0 0 0 0 0 0 0 0 0 0 0 0 0 0 0 0 0 0 0 0 0 0 0 0 0 0 0 0 0 0 0 0 0 0 0 0 0 0 0 0 0 0 0 0 0 0 0 0 0 0 0 0 0 0 0 0 0 0 0 0 0 0 0 0 0 0 0 0 0 0 0 0 0 0 0 0 0 0 0 0 0 0 0 0 0 0 0 0 0 0 0 0 0 0 0 0 0 0 0 0 0 0 0 0 0 0 0 0 0 0 0 0 0 0 0 0 0 0 0 0 0 0 0 0 0 0 0 0 0 0 0 0 0 0 0 0 0 0 0 0 0 0 0 0 0 0 0 0 0 0 0 0 0 0 0 0 0 0 0 0 0 0 0 0 0 0 0 0 0 0 0 0 0 0 0 0 0 0 0 0 0 0 0 0 0 0 0 0 0 0 0 0 0 0 0 0 0 0 0 0 0 0 0 0 0 0 0 0 0 0 0 0 0 0 0 0 0 0 0 0 0 0 0 0 0 0 0 0 0]
Max: Window: [4.25e+08 0 0 0 0], HeadPosition: 1
Average: Upper: 3.039125e+08, Lower: 5.981989050337887
Adjusted Usage: Weights: [0 0 0 0 1.875e+08 2.25e+08 0 3e+08 0 0 0 1.02e+09 0 5.25e+08 5.625e+08 0 0 0 0 0 7.875e+08 0 0 0 0 0 0 1.05e+09 0 0 0 1.2e+09 0 0 0 0 0 0 0 0 0 0 0 0 0 0 0 0 0 0 0 0 0 0 0 0 0 0 0 0 0 0 0 0 0 0 0 0 0 0 0 0 0 2.775e+09 0 0 0 0 0 0 0 0 0 0 0 0 0 0 0 0 0 0 0 0 0 0 0 0 0 0 0 0 0 0 3.9375e+09 0 0 0 0 0 0 0 4.2375e+09 8.55e+09 0 0 0 0 0 0 0 0 0 0 0 0 0 0 0 0 0 0 0 0 0 0 0 0 0 0 0 0 0 0 0 0 0 0 0 0 0 0 0 1.54e+09 0 5.85e+09 0 0 0 0 0 0 0 0 0 0 0 0 0 1.496e+11 0 0 0 0 0 0 0 0 0 0 0 0 0 0 0 0 0 0 0 0 0 0 0 0 0 0 0 0 0 0 0 0 0 0 0 0 0 0 0 0 0 0 0 0 0 0 0 0 0 0 0 0 0 0 0 0 0 0 0 0 0 0 0 0 0 0 0 0 0 0 0 0 0 0 0 0 0 0 0 0 0 0 0 0 0 0 0 0 0 0 0 0 0 0 0 0 0 0 0 0 0 0 0 0 0 0 0 0 0 0 0 0 0 0 0 0 0 0 0 0 0 0 0 0 0 0 0 0 0 0 0 0 0 0 0 0 0 0 0 0 0 0 0 0 0 0 0 0 0 0 0 0 0 0 0 0 0 0 0 0 0 0 0 0 0 0 0 0 0 0 0 0 0 0 0 0 0 0 0 0 0 0 0 0 0 0 0 0 0 0 0 0 0 0 0 0 0 0 0 0 0 0 0 0 0 0 0 0 0 0 0 0 0 0 0 0 0 0 0 0 0 0 0 0 0 0 0 0 0 0], Total: 1.823475e+11
---------------------------
I0424 15:29:00.658862       1 recommender.go:69] NICONICO CPU Max: 0.105, Avg: 0.017690180496788274, Per95: 0.105
I0424 15:29:00.658875       1 recommender.go:70] NICONICO MEM Max: 4.25e+08, Avg: 5.080458981830362e+07, Per95: 4.25e+08
I0424 15:29:00.658884       1 recommender.go:72] NICONICO============================================
I0424 15:29:00.658901       1 recommender.go:93] NICONICO ESTIMATE 0.105 4.25e+08 {Target:map[cpu:120 memory:479718749] LowerBound:map[cpu:120 memory:479718749] UpperBound:map[cpu:120 memory:479718749]}
I0424 15:29:00.714554       1 checkpoint_writer.go:114] Saved VPA default/workload-cpu-only-vpa checkpoint for workload-cpu-only
I0424 15:29:00.714596       1 cluster.go:382] Garbage collection of AggregateCollectionStates triggered
I0424 15:29:00.714670       1 recommender.go:195] ClusterState is tracking 14 aggregated container states
I0424 15:29:00.714698       1 main.go:247] Recommend Finished.
I0424 15:29:01.646605       1 cluster_feeder.go:321] Start selecting the vpaCRDs.
I0424 15:29:01.646656       1 cluster_feeder.go:356] Fetched 1 VPAs.
I0424 15:29:01.646713       1 cluster_feeder.go:366] Using selector app=workload-cpu-only for VPA default/workload-cpu-only-vpa
I0424 15:29:01.646745       1 main.go:240] Setup Finished.
I0424 15:29:44.320376       1 reflector.go:790] k8s.io/autoscaler/vertical-pod-autoscaler/pkg/target/controller_fetcher/controller_fetcher.go:136: Watch close - *v1.Deployment total 10 items received
I0424 15:29:59.912708       1 reflector.go:790] k8s.io/autoscaler/vertical-pod-autoscaler/pkg/target/controller_fetcher/controller_fetcher.go:136: Watch close - *v1.ReplicationController total 5 items received
I0424 15:30:08.646542       1 cluster_feeder.go:405] Deleting Pod {default workload-cpu-only-6f5dbd7694-bkgbq}
I0424 15:30:15.418644       1 reflector.go:790] k8s.io/autoscaler/vertical-pod-autoscaler/pkg/target/controller_fetcher/controller_fetcher.go:136: Watch close - *v1.ReplicaSet total 11 items received
I0424 15:31:09.646296       1 cluster_feeder.go:405] Deleting Pod {default workload-cpu-only-6f5dbd7694-nrm6d}
I0424 15:31:27.013203       1 reflector.go:790] k8s.io/autoscaler/vertical-pod-autoscaler/pkg/target/controller_fetcher/controller_fetcher.go:136: Watch close - *v1.Job total 8 items received
I0424 15:31:28.219235       1 reflector.go:790] k8s.io/autoscaler/vertical-pod-autoscaler/pkg/target/controller_fetcher/controller_fetcher.go:136: Watch close - *v1.DaemonSet total 0 items received
I0424 15:31:29.904120       1 reflector.go:790] k8s.io/autoscaler/vertical-pod-autoscaler/pkg/target/controller_fetcher/controller_fetcher.go:136: Watch close - *v1.StatefulSet total 2 items received
I0424 15:32:54.605748       1 reflector.go:790] k8s.io/autoscaler/vertical-pod-autoscaler/pkg/recommender/input/cluster_feeder.go:175: Watch close - *v1.Pod total 21 items received
I0424 15:33:09.526910       1 reflector.go:790] k8s.io/autoscaler/vertical-pod-autoscaler/pkg/utils/vpa/api.go:90: Watch close - *v1.VerticalPodAutoscaler total 7 items received
I0424 15:33:43.113850       1 reflector.go:790] k8s.io/autoscaler/vertical-pod-autoscaler/pkg/target/controller_fetcher/controller_fetcher.go:136: Watch close - *v1.CronJob total 9 items received
I0424 15:34:00.657259       1 recommender.go:184] ClusterState is tracking 18 PodStates and 1 VPAs
I0424 15:34:00.657350       1 recommender.go:66] NICONICO============================================
I0424 15:34:00.657772       1 recommender.go:68] NICONICO workload-cpu-only:

+++++++++++++++++++++++++++
Time: Halflife: 12h0m0s, N: 5, LastAggregation: 2024-04-24 15:34:00.655024383 +0000 UTC m=+601.106463355, Aggregation duration: 4m59.999039259s
Current buckets: [0 0 0 0 0 0 0 0 0 0 0 0 0 0 0 0 0 0 0 0 0 0 0 0 0 0 0 0 0 0 0 0 0 0 0 0 0 0 0 0 0 0 0 0 0 0 0 0 0 0 0 0 0 0 0 0 0 0 0 0 0 0 0 0 0 0 0 0 0 0 0 0 0 0 0 0 0 0 0 0 0 0 0 0 0 0 0 0 0 0 0 0 0 0 0 0 0 0 0 0 0 0 0 0 0 0 0 0 0 0 0 0 0 0 0 0 0 0 0 0 0 0 0 0 0 0 0 0 0 0 0 0 0 0 0 0 0 0 0 0 0 0 0 0 0 0 0 0 0 0 0 0 0 0 0 0 0 0 0 0 0 0 0 0 0 0 0 0 0 0 0 0 0 0 0 0 0 0 0 0 0 0 0 0 0 0 0 0 0 0 0 0 0 0 0 0 0 0 0 0 0 0 0 0 0 0 0 0 0 0 0 0 0 0 0 0 0 0 0 0 0 0 0 0 0 0 0 0 0 0 0 0 0 0 0 0 0 0 0 0 0 0 0 0 0 0 0 0 0 0 0 0 0 0 0 0 0 0 0 0 0 0 0 0 0 0 0 0 0 0 0 0 0 0 0 0 0 0 0 0 0 0 0 0 0 0 0 0 0 0 0 0 0 0 0 0 0 0 0 0 0 0 0 0 0 0 0 0 0 0 0 0 0 0 0 0 0 0 0 0 0 0 0 0 0 0 0 0 0 0 0 0 0 0 0 0 0 0 0 0 0 0 0 0 0 0 0 0 0 0 0 0 0 0 0 0 0 0 0 0 0 0 0 0 0 0 0 0 0 0 0 0 0 0 0 0 0 0 0 0 0 0 0 0 0 0 0 0 0 0 0 0 0 0 0 0 0 0 0 0]
Max: Window: [0.105 0.12 0 0 0], HeadPosition: 2
Average: Upper: 0.20949216945637578, Lower: 5.928430183006922
Adjusted Usage: Weights: [0 0 0 0 0 0 0 0 0 0 0 0 0 0 0 0 0 0 0 8.992797089528237 115.3100408161813 0 0 3.5999999999999996 0 0 0 0 0 0 0 0 0 0 0 0 0 0 0 0 0 0 0 0 0 0 0 0 0 0 0 0 0 0 0 0 0 0 0 0 0 0 0 0 0 0 0 0 0 0 0 0 0 0 0 0 0 0 0 0 0 0 0 0 0 0 0 0 0 0 0 0 0 0 0 0 0 0 0 0 0 0 0 0 0 0 0 0 0 0 0 0 0 0 0 0 0 0 0 0 0 0 0 0 0 0 0 0 0 0 0 0 0 0 0 0 0 0 0 0 0 0 0 0 0 0 0 0 0 0 0 0 0 0 0 0 0 0 0 0 0 0 0 0 0 0 0 0 0 0 0 0 0 0 0 0 0 0 0 0 0 0 0 0 0 0 0 0 0 0 0 0 0 0 0 0 0 0 0 0 0 0 0 0 0 0 0 0 0 0 0 0 0 0 0 0 0 0 0 0 0 0 0 0 0 0 0 0 0 0 0 0 0 0 0 0 0 0 0 0 0 0 0 0 0 0 0 0 0 0 0 0 0 0 0 0 0 0 0 0 0 0 0 0 0 0 0 0 0 0 0 0 0 0 0 0 0 0 0 0 0 0 0 0 0 0 0 0 0 0 0 0 0 0 0 0 0 0 0 0 0 0 0 0 0 0 0 0 0 0 0 0 0 0 0 0 0 0 0 0 0 0 0 0 0 0 0 0 0 0 0 0 0 0 0 0 0 0 0 0 0 0 0 0 0 0 0 0 0 0 0 0 0 0 0 0 0 0 0 0 0 0 0 0 0 0 0 0 0 0 0 0 0 0 0 0 0 0 0 0 0 0 0 0 0 0 0 0 0 0 0 0 0 0 0 0 0 0 0 0], Total: 127.90283790570953
---------------------------

+++++++++++++++++++++++++++
Time: Halflife: 48h0m0s, N: 5, LastAggregation: 2024-04-24 15:34:00.655024383 +0000 UTC m=+601.106463355, Aggregation duration: 4m59.999039259s
Current buckets: [0 0 0 0 0 0 0 0 0 0 0 0 0 0 0 0 0 0 0 0 0 0 0 0 0 0 0 0 0 0 0 0 0 0 0 0 0 0 0 0 0 0 0 0 0 0 0 0 0 0 0 0 0 0 0 0 0 0 0 0 0 0 0 0 0 0 0 0 0 0 0 0 0 0 0 0 0 0 0 0 0 0 0 0 0 0 0 0 0 0 0 0 0 0 0 0 0 0 0 0 0 0 0 0 0 0 0 0 0 0 0 0 0 0 0 0 0 0 0 0 0 0 0 0 0 0 0 0 0 0 0 0 0 0 0 0 0 0 0 0 0 0 0 0 0 0 0 0 0 0 0 0 0 0 0 0 0 0 0 0 0 0 0 0 0 0 0 0 0 0 0 0 0 0 0 0 0 0 0 0 0 0 0 0 0 0 0 0 0 0 0 0 0 0 0 0 0 0 0 0 0 0 0 0 0 0 0 0 0 0 0 0 0 0 0 0 0 0 0 0 0 0 0 0 0 0 0 0 0 0 0 0 0 0 0 0 0 0 0 0 0 0 0 0 0 0 0 0 0 0 0 0 0 0 0 0 0 0 0 0 0 0 0 0 0 0 0 0 0 0 0 0 0 0 0 0 0 0 0 0 0 0 0 0 0 0 0 0 0 0 0 0 0 0 0 0 0 0 0 0 0 0 0 0 0 0 0 0 0 0 0 0 0 0 0 0 0 0 0 0 0 0 0 0 0 0 0 0 0 0 0 0 0 0 0 0 0 0 0 0 0 0 0 0 0 0 0 0 0 0 0 0 0 0 0 0 0 0 0 0 0 0 0 0 0 0 0 0 0 0 0 0 0 0 0 0 0 0 0 0 0 0 0 0 0 0 0 0 0 0 0 0 0 0 0 0 0 0 0 0]
Max: Window: [4.25e+08 4.25e+08 0 0 0], HeadPosition: 2
Average: Upper: 6.034503803928392e+08, Lower: 5.981989050337887
Adjusted Usage: Weights: [0 7.5e+07 0 0 3.747745025811256e+08 2.2472940309735072e+08 2.625e+08 2.99639204129801e+08 0 0 4.125e+08 1.3487732940413232e+09 0 5.243686072271517e+08 5.618235077433769e+08 0 0 0 0 0 7.865529108407276e+08 8.25e+08 0 0 0 0 0 1.0487372144543034e+09 0 0 0 1.198556816519204e+09 0 0 0 0 0 0 0 3e+09 0 1.575e+09 0 0 0 0 0 0 0 0 1.9125e+09 0 0 0 0 0 0 0 0 0 2.2875e+09 0 0 0 0 0 2.5125e+09 0 0 0 0 0 0 2.771662638200659e+09 0 0 2.8875e+09 0 0 3e+09 0 0 0 0 0 0 0 0 3.3375e+09 0 0 0 0 0 0 0 0 0 0 0 0 0 0 0 3.9327645542036376e+09 0 0 0 0 0 0 0 4.2324037583334384e+09 8.539717317699327e+09 0 0 0 4.425e+09 0 0 0 0 0 0 0 0 0 0 0 0 0 0 0 0 0 0 0 0 0 5.25e+09 0 0 0 1.08e+10 0 0 0 0 0 0 0 0 0 1.1548147914532978e+10 0 5.842964480531118e+09 0 0 0 0 0 6.075e+09 0 0 0 0 0 0 0 2.764950831260608e+11 0 0 0 0 0 0 0 0 0 0 0 0 0 0 0 0 0 0 0 0 0 0 0 0 0 0 0 0 0 0 0 0 0 0 0 0 0 0 0 0 0 0 0 0 0 0 0 0 0 0 0 0 0 0 0 0 0 0 0 0 0 0 0 0 0 0 0 0 0 0 0 0 0 0 0 0 0 0 0 0 0 0 0 0 0 0 0 0 0 0 0 0 0 0 0 0 0 0 0 0 0 0 0 0 0 0 0 0 0 0 0 0 0 0 0 0 0 0 0 0 0 0 0 0 0 0 0 0 0 0 0 0 0 0 0 0 0 0 0 0 0 0 0 0 0 0 0 0 0 0 0 0 0 0 0 0 0 0 0 0 0 0 0 0 0 0 0 0 0 0 0 0 0 0 0 0 0 0 0 0 0 0 0 0 0 0 0 0 0 0 0 0 0 0 0 0 0 0 0 0 0 0 0 0 0 0 0 0 0 0 0 0 0 0 0 0 0 0 0 0 0 0 0 0 0 0 0 0 0 0], Total: 3.683681992501963e+11
---------------------------
I0424 15:34:00.657797       1 recommender.go:69] NICONICO CPU Max: 0.12, Avg: 0.03533687046814821, Per95: 0.105
I0424 15:34:00.657809       1 recommender.go:70] NICONICO MEM Max: 4.25e+08, Avg: 1.0087788113867475e+08, Per95: 4.25e+08
I0424 15:34:00.657818       1 recommender.go:72] NICONICO============================================
I0424 15:34:00.657833       1 recommender.go:93] NICONICO ESTIMATE 0.105 4.25e+08 {Target:map[cpu:120 memory:479718749] LowerBound:map[cpu:120 memory:479718749] UpperBound:map[cpu:120 memory:479718749]}
I0424 15:34:00.693619       1 checkpoint_writer.go:114] Saved VPA default/workload-cpu-only-vpa checkpoint for workload-cpu-only
I0424 15:34:00.693649       1 cluster_feeder.go:276] Starting garbage collection of checkpoints
I0424 15:34:00.693662       1 cluster_feeder.go:321] Start selecting the vpaCRDs.
I0424 15:34:00.693670       1 cluster_feeder.go:356] Fetched 1 VPAs.
I0424 15:34:00.693714       1 cluster_feeder.go:366] Using selector app=workload-cpu-only for VPA default/workload-cpu-only-vpa
I0424 15:34:00.753599       1 recommender.go:195] ClusterState is tracking 14 aggregated container states
I0424 15:34:00.753641       1 main.go:247] Recommend Finished.
I0424 15:34:01.646443       1 cluster_feeder.go:321] Start selecting the vpaCRDs.
I0424 15:34:01.646462       1 cluster_feeder.go:356] Fetched 1 VPAs.
I0424 15:34:01.646490       1 cluster_feeder.go:366] Using selector app=workload-cpu-only for VPA default/workload-cpu-only-vpa
I0424 15:34:01.646509       1 main.go:240] Setup Finished.
I0424 15:37:26.916376       1 reflector.go:790] k8s.io/autoscaler/vertical-pod-autoscaler/pkg/target/controller_fetcher/controller_fetcher.go:136: Watch close - *v1.ReplicationController total 4 items received
I0424 15:38:11.907520       1 reflector.go:790] k8s.io/autoscaler/vertical-pod-autoscaler/pkg/target/controller_fetcher/controller_fetcher.go:136: Watch close - *v1.StatefulSet total 0 items received
I0424 15:38:43.609788       1 reflector.go:790] k8s.io/autoscaler/vertical-pod-autoscaler/pkg/recommender/input/cluster_feeder.go:175: Watch close - *v1.Pod total 0 items received
I0424 15:38:46.422182       1 reflector.go:790] k8s.io/autoscaler/vertical-pod-autoscaler/pkg/target/controller_fetcher/controller_fetcher.go:136: Watch close - *v1.ReplicaSet total 12 items received
I0424 15:38:58.322939       1 reflector.go:790] k8s.io/autoscaler/vertical-pod-autoscaler/pkg/target/controller_fetcher/controller_fetcher.go:136: Watch close - *v1.Deployment total 13 items received
I0424 15:39:00.664830       1 recommender.go:184] ClusterState is tracking 18 PodStates and 1 VPAs
I0424 15:39:00.664926       1 recommender.go:66] NICONICO============================================
I0424 15:39:00.665363       1 recommender.go:68] NICONICO workload-cpu-only:

+++++++++++++++++++++++++++
Time: Halflife: 12h0m0s, N: 5, LastAggregation: 2024-04-24 15:39:00.662479218 +0000 UTC m=+901.113918199, Aggregation duration: 5m0.007454844s
Current buckets: [0 0 0 0 0 0 0 0 0 0 0 0 0 0 0 0 0 0 0 0 0 0 0 0 0 0 0 0 0 0 0 0 0 0 0 0 0 0 0 0 0 0 0 0 0 0 0 0 0 0 0 0 0 0 0 0 0 0 0 0 0 0 0 0 0 0 0 0 0 0 0 0 0 0 0 0 0 0 0 0 0 0 0 0 0 0 0 0 0 0 0 0 0 0 0 0 0 0 0 0 0 0 0 0 0 0 0 0 0 0 0 0 0 0 0 0 0 0 0 0 0 0 0 0 0 0 0 0 0 0 0 0 0 0 0 0 0 0 0 0 0 0 0 0 0 0 0 0 0 0 0 0 0 0 0 0 0 0 0 0 0 0 0 0 0 0 0 0 0 0 0 0 0 0 0 0 0 0 0 0 0 0 0 0 0 0 0 0 0 0 0 0 0 0 0 0 0 0 0 0 0 0 0 0 0 0 0 0 0 0 0 0 0 0 0 0 0 0 0 0 0 0 0 0 0 0 0 0 0 0 0 0 0 0 0 0 0 0 0 0 0 0 0 0 0 0 0 0 0 0 0 0 0 0 0 0 0 0 0 0 0 0 0 0 0 0 0 0 0 0 0 0 0 0 0 0 0 0 0 0 0 0 0 0 0 0 0 0 0 0 0 0 0 0 0 0 0 0 0 0 0 0 0 0 0 0 0 0 0 0 0 0 0 0 0 0 0 0 0 0 0 0 0 0 0 0 0 0 0 0 0 0 0 0 0 0 0 0 0 0 0 0 0 0 0 0 0 0 0 0 0 0 0 0 0 0 0 0 0 0 0 0 0 0 0 0 0 0 0 0 0 0 0 0 0 0 0 0 0 0 0 0 0 0 0 0 0 0 0 0 0 0 0 0 0 0 0 0 0 0]
Max: Window: [0.105 0.12 0.105 0 0], HeadPosition: 3
Average: Upper: 0.3129861724106745, Lower: 5.928430183006922
Adjusted Usage: Weights: [0 0 0 0 0 0 0 0 0 0 0 0 0 0 0 0 0 0 0 14.949613006189312 171.45631338712374 0 0 3.5827125310987875 0 0 0 0 0 0 0 0 0 0 0 0 0 0 0 0 0 0 0 0 0 0 0 0 0 0 0 0 0 0 0 0 0 0 0 0 0 0 0 0 0 0 0 0 0 0 0 0 0 0 0 0 0 0 0 0 0 0 0 0 0 0 0 0 0 0 0 0 0 0 0 0 0 0 0 0 0 0 0 0 0 0 0 0 0 0 0 0 0 0 0 0 0 0 0 0 0 0 0 0 0 0 0 0 0 0 0 0 0 0 0 0 0 0 0 0 0 0 0 0 0 0 0 0 0 0 0 0 0 0 0 0 0 0 0 0 0 0 0 0 0 0 0 0 0 0 0 0 0 0 0 0 0 0 0 0 0 0 0 0 0 0 0 0 0 0 0 0 0 0 0 0 0 0 0 0 0 0 0 0 0 0 0 0 0 0 0 0 0 0 0 0 0 0 0 0 0 0 0 0 0 0 0 0 0 0 0 0 0 0 0 0 0 0 0 0 0 0 0 0 0 0 0 0 0 0 0 0 0 0 0 0 0 0 0 0 0 0 0 0 0 0 0 0 0 0 0 0 0 0 0 0 0 0 0 0 0 0 0 0 0 0 0 0 0 0 0 0 0 0 0 0 0 0 0 0 0 0 0 0 0 0 0 0 0 0 0 0 0 0 0 0 0 0 0 0 0 0 0 0 0 0 0 0 0 0 0 0 0 0 0 0 0 0 0 0 0 0 0 0 0 0 0 0 0 0 0 0 0 0 0 0 0 0 0 0 0 0 0 0 0 0 0 0 0 0 0 0 0 0 0 0 0 0 0 0 0 0 0 0 0 0 0 0 0 0 0 0 0 0 0 0 0 0 0 0], Total: 189.98863892441184
---------------------------

+++++++++++++++++++++++++++
Time: Halflife: 48h0m0s, N: 5, LastAggregation: 2024-04-24 15:39:00.662479218 +0000 UTC m=+901.113918199, Aggregation duration: 5m0.007454844s
Current buckets: [0 0 0 0 0 0 0 0 0 0 0 0 0 0 0 0 0 0 0 0 0 0 0 0 0 0 0 0 0 0 0 0 0 0 0 0 0 0 0 0 0 0 0 0 0 0 0 0 0 0 0 0 0 0 0 0 0 0 0 0 0 0 0 0 0 0 0 0 0 0 0 0 0 0 0 0 0 0 0 0 0 0 0 0 0 0 0 0 0 0 0 0 0 0 0 0 0 0 0 0 0 0 0 0 0 0 0 0 0 0 0 0 0 0 0 0 0 0 0 0 0 0 0 0 0 0 0 0 0 0 0 0 0 0 0 0 0 0 0 0 0 0 0 0 0 0 0 0 0 0 0 0 0 0 0 0 0 0 0 0 0 0 0 0 0 0 0 0 0 0 0 0 0 0 0 0 0 0 0 0 0 0 0 0 0 0 0 0 0 0 0 0 0 0 0 0 0 0 0 0 0 0 0 0 0 0 0 0 0 0 0 0 0 0 0 0 0 0 0 0 0 0 0 0 0 0 0 0 0 0 0 0 0 0 0 0 0 0 0 0 0 0 0 0 0 0 0 0 0 0 0 0 0 0 0 0 0 0 0 0 0 0 0 0 0 0 0 0 0 0 0 0 0 0 0 0 0 0 0 0 0 0 0 0 0 0 0 0 0 0 0 0 0 0 0 0 0 0 0 0 0 0 0 0 0 0 0 0 0 0 0 0 0 0 0 0 0 0 0 0 0 0 0 0 0 0 0 0 0 0 0 0 0 0 0 0 0 0 0 0 0 0 0 0 0 0 0 0 0 0 0 0 0 0 0 0 0 0 0 0 0 0 0 0 0 0 0 0 0 0 0 0 0 0 0 0 0 0 0 0 0 0 0 0 0 0 0 0 0 0 0 0 0 0 0 0 0 0 0 0]
Max: Window: [4.25e+08 4.25e+08 4.25e+08 0 0], HeadPosition: 3
Average: Upper: 9.168454520295086e+08, Lower: 5.981989050337887
Adjusted Usage: Weights: [0 1.4990979850370738e+08 0 0 3.743237663023904e+08 2.2445912405174634e+08 2.621842947629758e+08 2.992788320689951e+08 3.375e+08 3.75e+08 4.1200389177039057e+08 1.3471511424508958e+09 0 5.237379561207414e+08 2.248647810129366e+09 0 0 0 0 0 7.856069341811122e+08 8.240077835407811e+08 0 0 9.375e+08 0 0 1.0474759122414829e+09 1.0875e+09 0 0 1.1971153282759805e+09 0 0 0 0 0 0 0 2.996391940148295e+09 0 1.5731057685778549e+09 0 0 0 0 0 0 0 0 1.910199861844538e+09 0 0 0 0 0 0 0 0 0 2.284748854363075e+09 0 0 0 0 0 2.509478249874197e+09 0 0 0 0 2.7e+09 0 2.7683291966382046e+09 0 0 2.884027242392734e+09 0 0 5.996391940148294e+09 0 0 0 0 0 0 0 0 3.333486033414978e+09 0 9.1e+08 0 0 0 0 0 0 0 0 3.75e+09 0 0 0 3.9e+09 3.928034670905561e+09 0 0 4.05e+09 0 0 0 0 4.2273135029745555e+09 8.529446713966361e+09 0 0 0 8.844678111718735e+09 0 0 0 0 0 0 0 0 4.7625e+09 0 0 0 0 0 0 0 0 0 0 5.175e+09 0 5.243685895259517e+09 0 0 0 1.0787010984533861e+10 0 0 0 0 0 0 0 0 0 1.153425911158232e+10 0 5.835937225345405e+09 0 0 0 0 0 6.067693678800298e+09 0 0 0 0 0 0 0 4.274625461898538e+11 0 0 0 0 0 0 0 0 0 0 0 0 0 0 0 0 0 0 0 0 0 0 0 0 0 0 0 0 0 0 0 0 0 0 0 0 0 0 0 0 0 0 0 0 0 0 0 0 0 0 0 0 0 0 0 0 0 0 0 0 0 0 0 0 0 0 0 0 0 0 0 0 0 0 0 0 0 0 0 0 0 0 0 0 0 0 0 0 0 0 0 0 0 0 0 0 0 0 0 0 0 0 0 0 0 0 0 0 0 0 0 0 0 0 0 0 0 0 0 0 0 0 0 0 0 0 0 0 0 0 0 0 0 0 0 0 0 0 0 0 0 0 0 0 0 0 0 0 0 0 0 0 0 0 0 0 0 0 0 0 0 0 0 0 0 0 0 0 0 0 0 0 0 0 0 0 0 0 0 0 0 0 0 0 0 0 0 0 0 0 0 0 0 0 0 0 0 0 0 0 0 0 0 0 0 0 0 0 0 0 0 0 0 0 0 0 0 0 0 0 0 0 0 0 0 0 0 0 0 0], Total: 5.563976677467432e+11
---------------------------
I0424 15:39:00.665413       1 recommender.go:69] NICONICO CPU Max: 0.12, Avg: 0.05279410615440979, Per95: 0.105
I0424 15:39:00.665432       1 recommender.go:70] NICONICO MEM Max: 4.25e+08, Avg: 1.5326765801714757e+08, Per95: 4.25e+08
I0424 15:39:00.665447       1 recommender.go:72] NICONICO============================================
I0424 15:39:00.665473       1 recommender.go:93] NICONICO ESTIMATE 0.105 4.25e+08 {Target:map[cpu:120 memory:479718749] LowerBound:map[cpu:120 memory:479718749] UpperBound:map[cpu:120 memory:479718749]}
I0424 15:39:00.680513       1 checkpoint_writer.go:114] Saved VPA default/workload-cpu-only-vpa checkpoint for workload-cpu-only
I0424 15:39:00.680556       1 recommender.go:195] ClusterState is tracking 14 aggregated container states
I0424 15:39:00.680581       1 main.go:247] Recommend Finished.
I0424 15:39:01.646282       1 cluster_feeder.go:321] Start selecting the vpaCRDs.
I0424 15:39:01.646397       1 cluster_feeder.go:356] Fetched 1 VPAs.
I0424 15:39:01.646473       1 cluster_feeder.go:366] Using selector app=workload-cpu-only for VPA default/workload-cpu-only-vpa
I0424 15:39:01.646530       1 main.go:240] Setup Finished.
I0424 15:39:10.016908       1 reflector.go:790] k8s.io/autoscaler/vertical-pod-autoscaler/pkg/target/controller_fetcher/controller_fetcher.go:136: Watch close - *v1.Job total 5 items received
I0424 15:39:44.530399       1 reflector.go:790] k8s.io/autoscaler/vertical-pod-autoscaler/pkg/utils/vpa/api.go:90: Watch close - *v1.VerticalPodAutoscaler total 0 items received
I0424 15:41:10.223435       1 reflector.go:790] k8s.io/autoscaler/vertical-pod-autoscaler/pkg/target/controller_fetcher/controller_fetcher.go:136: Watch close - *v1.DaemonSet total 9 items received
I0424 15:41:51.117600       1 reflector.go:790] k8s.io/autoscaler/vertical-pod-autoscaler/pkg/target/controller_fetcher/controller_fetcher.go:136: Watch close - *v1.CronJob total 8 items received
I0424 15:44:00.659460       1 recommender.go:184] ClusterState is tracking 18 PodStates and 1 VPAs
I0424 15:44:00.659559       1 recommender.go:66] NICONICO============================================
I0424 15:44:00.659989       1 recommender.go:68] NICONICO workload-cpu-only:

+++++++++++++++++++++++++++
Time: Halflife: 12h0m0s, N: 5, LastAggregation: 2024-04-24 15:44:00.657069745 +0000 UTC m=+1201.108508716, Aggregation duration: 4m59.994590517s
Current buckets: [0 0 0 0 0 0 0 0 0 0 0 0 0 0 0 0 0 0 0 0 0 0 0 0 0 0 0 0 0 0 0 0 0 0 0 0 0 0 0 0 0 0 0 0 0 0 0 0 0 0 0 0 0 0 0 0 0 0 0 0 0 0 0 0 0 0 0 0 0 0 0 0 0 0 0 0 0 0 0 0 0 0 0 0 0 0 0 0 0 0 0 0 0 0 0 0 0 0 0 0 0 0 0 0 0 0 0 0 0 0 0 0 0 0 0 0 0 0 0 0 0 0 0 0 0 0 0 0 0 0 0 0 0 0 0 0 0 0 0 0 0 0 0 0 0 0 0 0 0 0 0 0 0 0 0 0 0 0 0 0 0 0 0 0 0 0 0 0 0 0 0 0 0 0 0 0 0 0 0 0 0 0 0 0 0 0 0 0 0 0 0 0 0 0 0 0 0 0 0 0 0 0 0 0 0 0 0 0 0 0 0 0 0 0 0 0 0 0 0 0 0 0 0 0 0 0 0 0 0 0 0 0 0 0 0 0 0 0 0 0 0 0 0 0 0 0 0 0 0 0 0 0 0 0 0 0 0 0 0 0 0 0 0 0 0 0 0 0 0 0 0 0 0 0 0 0 0 0 0 0 0 0 0 0 0 0 0 0 0 0 0 0 0 0 0 0 0 0 0 0 0 0 0 0 0 0 0 0 0 0 0 0 0 0 0 0 0 0 0 0 0 0 0 0 0 0 0 0 0 0 0 0 0 0 0 0 0 0 0 0 0 0 0 0 0 0 0 0 0 0 0 0 0 0 0 0 0 0 0 0 0 0 0 0 0 0 0 0 0 0 0 0 0 0 0 0 0 0 0 0 0 0 0 0 0 0 0 0 0 0 0 0 0 0 0 0 0 0 0 0]
Max: Window: [0.105 0.12 0.105 0.105 0], HeadPosition: 4
Average: Upper: 0.4159499203919547, Lower: 5.928430183006922
Adjusted Usage: Weights: [0 0 0 0 0 0 0 0 0 0 0 0 0 0 0 0 0 0 0 21.27782691879368 226.91300258354337 0 0 3.565508813867819 0 0 0 0 0 0 0 0 0 0 0 0 0 0 0 0 0 0 0 0 0 0 0 0 0 0 0 0 0 0 0 0 0 0 0 0 0 0 0 0 0 0 0 0 0 0 0 0 0 0 0 0 0 0 0 0 0 0 0 0 0 0 0 0 0 0 0 0 0 0 0 0 0 0 0 0 0 0 0 0 0 0 0 0 0 0 0 0 0 0 0 0 0 0 0 0 0 0 0 0 0 0 0 0 0 0 0 0 0 0 0 0 0 0 0 0 0 0 0 0 0 0 0 0 0 0 0 0 0 0 0 0 0 0 0 0 0 0 0 0 0 0 0 0 0 0 0 0 0 0 0 0 0 0 0 0 0 0 0 0 0 0 0 0 0 0 0 0 0 0 0 0 0 0 0 0 0 0 0 0 0 0 0 0 0 0 0 0 0 0 0 0 0 0 0 0 0 0 0 0 0 0 0 0 0 0 0 0 0 0 0 0 0 0 0 0 0 0 0 0 0 0 0 0 0 0 0 0 0 0 0 0 0 0 0 0 0 0 0 0 0 0 0 0 0 0 0 0 0 0 0 0 0 0 0 0 0 0 0 0 0 0 0 0 0 0 0 0 0 0 0 0 0 0 0 0 0 0 0 0 0 0 0 0 0 0 0 0 0 0 0 0 0 0 0 0 0 0 0 0 0 0 0 0 0 0 0 0 0 0 0 0 0 0 0 0 0 0 0 0 0 0 0 0 0 0 0 0 0 0 0 0 0 0 0 0 0 0 0 0 0 0 0 0 0 0 0 0 0 0 0 0 0 0 0 0 0 0 0 0 0 0 0 0 0 0 0 0 0 0 0 0 0 0 0 0], Total: 251.75633831620488
---------------------------

+++++++++++++++++++++++++++
Time: Halflife: 48h0m0s, N: 5, LastAggregation: 2024-04-24 15:44:00.657069745 +0000 UTC m=+1201.108508716, Aggregation duration: 4m59.994590517s
Current buckets: [0 0 0 0 0 0 0 0 0 0 0 0 0 0 0 0 0 0 0 0 0 0 0 0 0 0 0 0 0 0 0 0 0 0 0 0 0 0 0 0 0 0 0 0 0 0 0 0 0 0 0 0 0 0 0 0 0 0 0 0 0 0 0 0 0 0 0 0 0 0 0 0 0 0 0 0 0 0 0 0 0 0 0 0 0 0 0 0 0 0 0 0 0 0 0 0 0 0 0 0 0 0 0 0 0 0 0 0 0 0 0 0 0 0 0 0 0 0 0 0 0 0 0 0 0 0 0 0 0 0 0 0 0 0 0 0 0 0 0 0 0 0 0 0 0 0 0 0 0 0 0 0 0 0 0 0 0 0 0 0 0 0 0 0 0 0 0 0 0 0 0 0 0 0 0 0 0 0 0 0 0 0 0 0 0 0 0 0 0 0 0 0 0 0 0 0 0 0 0 0 0 0 0 0 0 0 0 0 0 0 0 0 0 0 0 0 0 0 0 0 0 0 0 0 0 0 0 0 0 0 0 0 0 0 0 0 0 0 0 0 0 0 0 0 0 0 0 0 0 0 0 0 0 0 0 0 0 0 0 0 0 0 0 0 0 0 0 0 0 0 0 0 0 0 0 0 0 0 0 0 0 0 0 0 0 0 0 0 0 0 0 0 0 0 0 0 0 0 0 0 0 0 0 0 0 0 0 0 0 0 0 0 0 0 0 0 0 0 0 0 0 0 0 0 0 0 0 0 0 0 0 0 0 0 0 0 0 0 0 0 0 0 0 0 0 0 0 0 0 0 0 0 0 0 0 0 0 0 0 0 0 0 0 0 0 0 0 0 0 0 0 0 0 0 0 0 0 0 0 0 0 0 0 0 0 0 0 0 0 0 0 0 0 0 0 0 0 0 0 0]
Max: Window: [4.25e+08 4.25e+08 4.25e+08 4.25e+08 0], HeadPosition: 4
Average: Upper: 1.219363654862019e+09, Lower: 5.981989050337887
Adjusted Usage: Weights: [0 1.4972951172163683e+08 0 0 3.7387359141087043e+08 2.2418918163580304e+08 5.243689827334484e+08 2.9891890884773743e+08 6.745941106615036e+08 3.7454901184611505e+08 4.1150840143827605e+08 2.2455310112329283e+09 1.3e+08 1.0481080904835404e+09 2.2459435073970256e+09 0 0 0 1.9e+08 1.5e+09 7.846621357253107e+08 8.230168028765521e+08 0 0 9.363725296152875e+08 0 0 1.0462161809670808e+09 1.0861921343537335e+09 0 0 1.1956756353909497e+09 1.2375e+09 0 0 0 0 0 0 2.992788374096553e+09 0 1.5712138964006903e+09 1.6125e+09 0 0 0 0 0 0 0 1.9079025884865525e+09 0 0 0 0 0 0 0 2.2125e+09 0 2.2820011352486215e+09 0 0 0 0 0 2.506460263305863e+09 0 0 0 0 2.6967528852920284e+09 2.7375e+09 2.764999906841571e+09 0 0 2.8805588100679326e+09 0 0 5.989180468865473e+09 0 0 0 0 0 0 0 0 3.329477066182415e+09 0 6.8239056020799055e+09 0 0 0 0 0 0 0 0 3.74549011846115e+09 0 0 0 3.8953097231995964e+09 3.9233106786265535e+09 0 0 4.0451293279380426e+09 0 0 0 0 4.2222295874742904e+09 8.519188902160516e+09 4.3125e+09 0 0 8.834041191576572e+09 0 0 0 0 0 0 4.6875e+09 0 4.756772450445661e+09 0 0 0 0 0 0 0 5.0625e+09 0 0 5.168776363476388e+09 0 5.237379654668968e+09 0 0 0 1.077403814674759e+10 0 0 0 0 0 0 0 0 0 1.1520387606987217e+10 0 5.828918722530879e+09 0 5.925e+09 0 0 0 1.213539645754552e+10 0 0 0 0 0 0 0 5.654984647376908e+11 0 0 0 0 0 0 0 0 0 0 0 0 0 0 0 0 0 0 0 0 0 0 0 0 0 0 0 0 0 0 0 0 0 0 0 0 0 0 0 0 0 0 0 0 0 0 0 0 0 0 0 0 0 0 0 0 0 0 0 0 0 0 0 0 0 0 0 0 0 0 0 0 0 0 0 0 0 0 0 0 0 0 0 0 0 0 0 0 0 0 0 0 0 0 0 0 0 0 0 0 0 0 0 0 0 0 0 0 0 0 0 0 0 0 0 0 0 0 0 0 0 0 0 0 0 0 0 0 0 0 0 0 0 0 0 0 0 0 0 0 0 0 0 0 0 0 0 0 0 0 0 0 0 0 0 0 0 0 0 0 0 0 0 0 0 0 0 0 0 0 0 0 0 0 0 0 0 0 0 0 0 0 0 0 0 0 0 0 0 0 0 0 0 0 0 0 0 0 0 0 0 0 0 0 0 0 0 0 0 0 0 0 0 0 0 0 0 0 0 0 0 0 0 0 0 0 0 0 0 0], Total: 7.379010243947351e+11
---------------------------
I0424 15:44:00.660028       1 recommender.go:69] NICONICO CPU Max: 0.12, Avg: 0.0701618991118798, Per95: 0.105
I0424 15:44:00.660059       1 recommender.go:70] NICONICO MEM Max: 4.25e+08, Avg: 2.038391653012378e+08, Per95: 4.25e+08
I0424 15:44:00.660069       1 recommender.go:72] NICONICO============================================
I0424 15:44:00.660084       1 recommender.go:93] NICONICO ESTIMATE 0.105 4.25e+08 {Target:map[cpu:120 memory:479718749] LowerBound:map[cpu:120 memory:479718749] UpperBound:map[cpu:120 memory:479718749]}
I0424 15:44:00.698740       1 checkpoint_writer.go:114] Saved VPA default/workload-cpu-only-vpa checkpoint for workload-cpu-only
I0424 15:44:00.698766       1 cluster_feeder.go:276] Starting garbage collection of checkpoints
I0424 15:44:00.698776       1 cluster_feeder.go:321] Start selecting the vpaCRDs.
I0424 15:44:00.698781       1 cluster_feeder.go:356] Fetched 1 VPAs.
I0424 15:44:00.698819       1 cluster_feeder.go:366] Using selector app=workload-cpu-only for VPA default/workload-cpu-only-vpa
I0424 15:44:00.779484       1 recommender.go:195] ClusterState is tracking 14 aggregated container states
I0424 15:44:00.779517       1 main.go:247] Recommend Finished.
I0424 15:44:01.645815       1 cluster_feeder.go:321] Start selecting the vpaCRDs.
I0424 15:44:01.645836       1 cluster_feeder.go:356] Fetched 1 VPAs.
I0424 15:44:01.645877       1 cluster_feeder.go:366] Using selector app=workload-cpu-only for VPA default/workload-cpu-only-vpa
I0424 15:44:01.645910       1 main.go:240] Setup Finished.
I0424 15:45:17.020655       1 reflector.go:790] k8s.io/autoscaler/vertical-pod-autoscaler/pkg/target/controller_fetcher/controller_fetcher.go:136: Watch close - *v1.Job total 0 items received
