Mon Jun  3 16:02:42 2024       
+-----------------------------------------------------------------------------------------+
| NVIDIA-SMI 550.54.14              Driver Version: 550.54.14      CUDA Version: 12.4     |
|-----------------------------------------+------------------------+----------------------+
| GPU  Name                 Persistence-M | Bus-Id          Disp.A | Volatile Uncorr. ECC |
| Fan  Temp   Perf          Pwr:Usage/Cap |           Memory-Usage | GPU-Util  Compute M. |
|                                         |                        |               MIG M. |
|=========================================+========================+======================|
|   0  NVIDIA H100 PCIe               On  |   00000000:01:00.0 Off |                   On |
| N/A   64C    P0            186W /  350W |    4138MiB /  81559MiB |     N/A   E. Process |
|                                         |                        |              Enabled |
+-----------------------------------------+------------------------+----------------------+

+-----------------------------------------------------------------------------------------+
| MIG devices:                                                                            |
+------------------+----------------------------------+-----------+-----------------------+
| GPU  GI  CI  MIG |                     Memory-Usage |        Vol|      Shared           |
|      ID  ID  Dev |                       BAR1-Usage | SM     Unc| CE ENC DEC OFA JPG    |
|                  |                                  |        ECC|                       |
|==================+==================================+===========+=======================|
|  0    1   0   0  |              37MiB / 40320MiB    | 46      0 |  3   0    3    0    3 |
|                  |                 0MiB / 65535MiB  |           |                       |
+------------------+----------------------------------+-----------+-----------------------+
|  0    5   0   1  |             481MiB / 20096MiB    | 30      0 |  2   0    2    0    2 |
|                  |                 2MiB / 32767MiB  |           |                       |
+------------------+----------------------------------+-----------+-----------------------+
|  0   13   0   2  |            3606MiB /  9984MiB    | 14      0 |  1   0    1    0    1 |
|                  |                 2MiB / 16383MiB  |           |                       |
+------------------+----------------------------------+-----------+-----------------------+
|  0   14   0   3  |              12MiB /  9984MiB    | 14      0 |  1   0    1    0    1 |
|                  |                 0MiB / 16383MiB  |           |                       |
+------------------+----------------------------------+-----------+-----------------------+
                                                                                         
+-----------------------------------------------------------------------------------------+
| Processes:                                                                              |
|  GPU   GI   CI        PID   Type   Process name                              GPU Memory |
|        ID   ID                                                               Usage      |
|=========================================================================================|
|    0    5    0     668263      C   python                                        448MiB |
|    0   13    0     686255      C   python                                       3586MiB |
+-----------------------------------------------------------------------------------------+
